TN:
SF:src/cache/content-resolver.ts
FN:36,(anonymous_6)
FN:245,(anonymous_7)
FN:253,(anonymous_8)
FN:265,(anonymous_9)
FN:271,(anonymous_10)
FN:272,(anonymous_11)
FN:278,(anonymous_12)
FN:279,(anonymous_13)
FN:285,(anonymous_14)
FN:286,(anonymous_15)
FN:289,(anonymous_16)
FN:297,(anonymous_17)
FN:305,(anonymous_18)
FN:308,(anonymous_19)
FN:317,(anonymous_20)
FN:319,(anonymous_21)
FN:328,(anonymous_22)
FN:335,(anonymous_23)
FN:338,(anonymous_24)
FN:361,(anonymous_25)
FN:392,(anonymous_26)
FN:394,(anonymous_27)
FN:395,(anonymous_28)
FN:403,(anonymous_29)
FN:412,(anonymous_30)
FN:416,(anonymous_31)
FN:420,(anonymous_32)
FN:424,(anonymous_33)
FN:444,(anonymous_34)
FN:449,(anonymous_35)
FN:460,(anonymous_36)
FN:475,(anonymous_37)
FN:480,(anonymous_38)
FN:484,(anonymous_39)
FN:488,(anonymous_40)
FN:492,(anonymous_41)
FN:504,(anonymous_42)
FN:506,(anonymous_43)
FN:516,(anonymous_44)
FN:520,(anonymous_45)
FN:524,(anonymous_46)
FN:528,(anonymous_47)
FN:532,(anonymous_48)
FN:536,(anonymous_49)
FN:540,(anonymous_50)
FN:556,(anonymous_51)
FN:559,(anonymous_52)
FN:567,(anonymous_53)
FN:571,(anonymous_54)
FN:575,(anonymous_55)
FN:579,(anonymous_56)
FN:583,(anonymous_57)
FN:587,(anonymous_58)
FN:598,(anonymous_59)
FN:611,(anonymous_60)
FN:615,(anonymous_61)
FN:619,(anonymous_62)
FN:623,(anonymous_63)
FN:627,(anonymous_64)
FN:638,loadWasmModule
FN:647,(anonymous_66)
FN:661,isWasmResolverAvailable
FN:671,createContentResolver
FNF:63
FNH:0
FNDA:0,(anonymous_6)
FNDA:0,(anonymous_7)
FNDA:0,(anonymous_8)
FNDA:0,(anonymous_9)
FNDA:0,(anonymous_10)
FNDA:0,(anonymous_11)
FNDA:0,(anonymous_12)
FNDA:0,(anonymous_13)
FNDA:0,(anonymous_14)
FNDA:0,(anonymous_15)
FNDA:0,(anonymous_16)
FNDA:0,(anonymous_17)
FNDA:0,(anonymous_18)
FNDA:0,(anonymous_19)
FNDA:0,(anonymous_20)
FNDA:0,(anonymous_21)
FNDA:0,(anonymous_22)
FNDA:0,(anonymous_23)
FNDA:0,(anonymous_24)
FNDA:0,(anonymous_25)
FNDA:0,(anonymous_26)
FNDA:0,(anonymous_27)
FNDA:0,(anonymous_28)
FNDA:0,(anonymous_29)
FNDA:0,(anonymous_30)
FNDA:0,(anonymous_31)
FNDA:0,(anonymous_32)
FNDA:0,(anonymous_33)
FNDA:0,(anonymous_34)
FNDA:0,(anonymous_35)
FNDA:0,(anonymous_36)
FNDA:0,(anonymous_37)
FNDA:0,(anonymous_38)
FNDA:0,(anonymous_39)
FNDA:0,(anonymous_40)
FNDA:0,(anonymous_41)
FNDA:0,(anonymous_42)
FNDA:0,(anonymous_43)
FNDA:0,(anonymous_44)
FNDA:0,(anonymous_45)
FNDA:0,(anonymous_46)
FNDA:0,(anonymous_47)
FNDA:0,(anonymous_48)
FNDA:0,(anonymous_49)
FNDA:0,(anonymous_50)
FNDA:0,(anonymous_51)
FNDA:0,(anonymous_52)
FNDA:0,(anonymous_53)
FNDA:0,(anonymous_54)
FNDA:0,(anonymous_55)
FNDA:0,(anonymous_56)
FNDA:0,(anonymous_57)
FNDA:0,(anonymous_58)
FNDA:0,(anonymous_59)
FNDA:0,(anonymous_60)
FNDA:0,(anonymous_61)
FNDA:0,(anonymous_62)
FNDA:0,(anonymous_63)
FNDA:0,(anonymous_64)
FNDA:0,loadWasmModule
FNDA:0,(anonymous_66)
FNDA:0,isWasmResolverAvailable
FNDA:0,createContentResolver
DA:36,0
DA:38,0
DA:40,0
DA:42,0
DA:44,0
DA:238,0
DA:239,0
DA:240,0
DA:241,0
DA:242,0
DA:243,0
DA:253,0
DA:255,0
DA:265,0
DA:266,0
DA:267,0
DA:272,0
DA:273,0
DA:274,0
DA:279,0
DA:280,0
DA:281,0
DA:286,0
DA:290,0
DA:291,0
DA:292,0
DA:293,0
DA:294,0
DA:297,0
DA:298,0
DA:299,0
DA:301,0
DA:306,0
DA:307,0
DA:308,0
DA:309,0
DA:310,0
DA:312,0
DA:318,0
DA:319,0
DA:320,0
DA:321,0
DA:323,0
DA:329,0
DA:332,0
DA:333,0
DA:335,0
DA:337,0
DA:338,0
DA:339,0
DA:340,0
DA:341,0
DA:347,0
DA:348,0
DA:349,0
DA:354,0
DA:367,0
DA:368,0
DA:369,0
DA:371,0
DA:372,0
DA:374,0
DA:375,0
DA:377,0
DA:378,0
DA:380,0
DA:384,0
DA:393,0
DA:394,0
DA:395,0
DA:404,0
DA:413,0
DA:417,0
DA:421,0
DA:425,0
DA:426,0
DA:427,0
DA:430,0
DA:431,0
DA:432,0
DA:437,0
DA:438,0
DA:441,0
DA:445,0
DA:446,0
DA:448,0
DA:449,0
DA:452,0
DA:461,0
DA:465,0
DA:476,0
DA:477,0
DA:481,0
DA:485,0
DA:489,0
DA:493,0
DA:494,0
DA:495,0
DA:504,0
DA:513,0
DA:517,0
DA:521,0
DA:525,0
DA:529,0
DA:533,0
DA:537,0
DA:541,0
DA:542,0
DA:544,0
DA:545,0
DA:548,0
DA:557,0
DA:558,0
DA:559,0
DA:568,0
DA:572,0
DA:576,0
DA:580,0
DA:584,0
DA:588,0
DA:589,0
DA:590,0
DA:599,0
DA:600,0
DA:601,0
DA:612,0
DA:616,0
DA:620,0
DA:624,0
DA:628,0
DA:636,0
DA:639,0
DA:641,0
DA:645,0
DA:647,0
DA:648,0
DA:649,0
DA:650,0
DA:651,0
DA:653,0
DA:654,0
DA:661,0
DA:662,0
DA:663,0
DA:671,0
DA:674,0
DA:676,0
DA:677,0
DA:678,0
DA:679,0
DA:680,0
DA:681,0
DA:686,0
DA:692,0
LF:154
LH:0
BRDA:36,0,0,0
BRDA:36,0,1,0
BRDA:261,1,0,0
BRDA:261,1,1,0
BRDA:266,2,0,0
BRDA:273,3,0,0
BRDA:280,4,0,0
BRDA:286,5,0,0
BRDA:286,5,1,0
BRDA:292,6,0,0
BRDA:298,7,0,0
BRDA:298,7,1,0
BRDA:307,8,0,0
BRDA:309,9,0,0
BRDA:309,9,1,0
BRDA:320,10,0,0
BRDA:320,10,1,0
BRDA:333,11,0,0
BRDA:333,12,0,0
BRDA:333,12,1,0
BRDA:338,13,0,0
BRDA:338,13,1,0
BRDA:339,14,0,0
BRDA:348,15,0,0
BRDA:348,16,0,0
BRDA:348,16,1,0
BRDA:368,17,0,0
BRDA:369,18,0,0
BRDA:369,18,1,0
BRDA:369,18,2,0
BRDA:369,18,3,0
BRDA:394,19,0,0
BRDA:394,19,1,0
BRDA:407,20,0,0
BRDA:407,20,1,0
BRDA:421,21,0,0
BRDA:421,21,1,0
BRDA:426,22,0,0
BRDA:426,22,1,0
BRDA:427,23,0,0
BRDA:427,23,1,0
BRDA:431,24,0,0
BRDA:431,25,0,0
BRDA:431,25,1,0
BRDA:431,25,2,0
BRDA:437,26,0,0
BRDA:448,27,0,0
BRDA:448,27,1,0
BRDA:449,28,0,0
BRDA:449,28,1,0
BRDA:449,28,2,0
BRDA:453,29,0,0
BRDA:453,29,1,0
BRDA:455,30,0,0
BRDA:455,30,1,0
BRDA:456,31,0,0
BRDA:456,31,1,0
BRDA:461,32,0,0
BRDA:461,32,1,0
BRDA:513,33,0,0
BRDA:513,33,1,0
BRDA:544,34,0,0
BRDA:551,35,0,0
BRDA:551,35,1,0
BRDA:568,36,0,0
BRDA:568,36,1,0
BRDA:584,37,0,0
BRDA:584,37,1,0
BRDA:588,38,0,0
BRDA:588,38,1,0
BRDA:591,39,0,0
BRDA:591,39,1,0
BRDA:592,40,0,0
BRDA:592,40,1,0
BRDA:593,41,0,0
BRDA:593,41,1,0
BRDA:594,42,0,0
BRDA:594,42,1,0
BRDA:639,43,0,0
BRDA:674,44,0,0
BRDA:674,44,1,0
BRDA:676,45,0,0
BRDA:678,46,0,0
BRF:83
BRH:0
end_of_record
TN:
SF:src/cache/reach-aware-cache.ts
FN:107,(anonymous_6)
FN:115,(anonymous_7)
FN:146,(anonymous_8)
FN:148,(anonymous_9)
FN:194,(anonymous_10)
FN:198,(anonymous_11)
FN:214,(anonymous_12)
FN:224,(anonymous_13)
FN:244,(anonymous_14)
FN:250,(anonymous_15)
FN:254,(anonymous_16)
FN:258,(anonymous_17)
FN:262,(anonymous_18)
FN:272,(anonymous_19)
FN:277,(anonymous_20)
FN:292,(anonymous_21)
FN:297,(anonymous_22)
FN:330,(anonymous_23)
FN:337,(anonymous_24)
FN:353,(anonymous_25)
FN:363,(anonymous_26)
FN:380,(anonymous_27)
FN:384,(anonymous_28)
FN:388,(anonymous_29)
FN:398,(anonymous_30)
FN:403,(anonymous_31)
FN:415,(anonymous_32)
FN:418,(anonymous_33)
FN:422,(anonymous_34)
FN:434,(anonymous_35)
FN:439,(anonymous_36)
FN:444,(anonymous_37)
FN:449,(anonymous_38)
FN:454,(anonymous_39)
FN:455,(anonymous_40)
FN:458,(anonymous_41)
FN:459,(anonymous_42)
FN:462,(anonymous_43)
FN:463,(anonymous_44)
FN:466,(anonymous_45)
FN:467,(anonymous_46)
FN:477,(anonymous_47)
FN:479,(anonymous_48)
FN:482,(anonymous_49)
FN:485,(anonymous_50)
FN:488,(anonymous_51)
FN:491,(anonymous_52)
FN:494,(anonymous_53)
FN:501,(anonymous_54)
FN:503,(anonymous_55)
FN:507,(anonymous_56)
FN:511,(anonymous_57)
FN:515,(anonymous_58)
FN:519,(anonymous_59)
FN:523,(anonymous_60)
FN:527,(anonymous_61)
FN:531,(anonymous_62)
FN:535,(anonymous_63)
FN:542,(anonymous_64)
FN:544,(anonymous_65)
FN:548,(anonymous_66)
FN:552,(anonymous_67)
FN:556,(anonymous_68)
FN:560,(anonymous_69)
FN:564,(anonymous_70)
FN:570,(anonymous_71)
FN:574,(anonymous_72)
FN:578,(anonymous_73)
FN:582,(anonymous_74)
FN:586,(anonymous_75)
FN:590,(anonymous_76)
FN:597,(anonymous_77)
FN:599,(anonymous_78)
FN:603,(anonymous_79)
FN:607,(anonymous_80)
FN:611,(anonymous_81)
FN:615,(anonymous_82)
FN:619,(anonymous_83)
FN:623,(anonymous_84)
FN:627,(anonymous_85)
FN:631,(anonymous_86)
FN:635,(anonymous_87)
FN:650,calculatePriority
FN:688,calculateFreshness
FN:716,loadWasmModule
FN:720,(anonymous_91)
FN:727,(anonymous_92)
FN:765,createReachAwareCache
FN:789,createBlobCache
FN:813,createChunkCache
FN:838,isWasmAvailable
FNF:91
FNH:0
FNDA:0,(anonymous_6)
FNDA:0,(anonymous_7)
FNDA:0,(anonymous_8)
FNDA:0,(anonymous_9)
FNDA:0,(anonymous_10)
FNDA:0,(anonymous_11)
FNDA:0,(anonymous_12)
FNDA:0,(anonymous_13)
FNDA:0,(anonymous_14)
FNDA:0,(anonymous_15)
FNDA:0,(anonymous_16)
FNDA:0,(anonymous_17)
FNDA:0,(anonymous_18)
FNDA:0,(anonymous_19)
FNDA:0,(anonymous_20)
FNDA:0,(anonymous_21)
FNDA:0,(anonymous_22)
FNDA:0,(anonymous_23)
FNDA:0,(anonymous_24)
FNDA:0,(anonymous_25)
FNDA:0,(anonymous_26)
FNDA:0,(anonymous_27)
FNDA:0,(anonymous_28)
FNDA:0,(anonymous_29)
FNDA:0,(anonymous_30)
FNDA:0,(anonymous_31)
FNDA:0,(anonymous_32)
FNDA:0,(anonymous_33)
FNDA:0,(anonymous_34)
FNDA:0,(anonymous_35)
FNDA:0,(anonymous_36)
FNDA:0,(anonymous_37)
FNDA:0,(anonymous_38)
FNDA:0,(anonymous_39)
FNDA:0,(anonymous_40)
FNDA:0,(anonymous_41)
FNDA:0,(anonymous_42)
FNDA:0,(anonymous_43)
FNDA:0,(anonymous_44)
FNDA:0,(anonymous_45)
FNDA:0,(anonymous_46)
FNDA:0,(anonymous_47)
FNDA:0,(anonymous_48)
FNDA:0,(anonymous_49)
FNDA:0,(anonymous_50)
FNDA:0,(anonymous_51)
FNDA:0,(anonymous_52)
FNDA:0,(anonymous_53)
FNDA:0,(anonymous_54)
FNDA:0,(anonymous_55)
FNDA:0,(anonymous_56)
FNDA:0,(anonymous_57)
FNDA:0,(anonymous_58)
FNDA:0,(anonymous_59)
FNDA:0,(anonymous_60)
FNDA:0,(anonymous_61)
FNDA:0,(anonymous_62)
FNDA:0,(anonymous_63)
FNDA:0,(anonymous_64)
FNDA:0,(anonymous_65)
FNDA:0,(anonymous_66)
FNDA:0,(anonymous_67)
FNDA:0,(anonymous_68)
FNDA:0,(anonymous_69)
FNDA:0,(anonymous_70)
FNDA:0,(anonymous_71)
FNDA:0,(anonymous_72)
FNDA:0,(anonymous_73)
FNDA:0,(anonymous_74)
FNDA:0,(anonymous_75)
FNDA:0,(anonymous_76)
FNDA:0,(anonymous_77)
FNDA:0,(anonymous_78)
FNDA:0,(anonymous_79)
FNDA:0,(anonymous_80)
FNDA:0,(anonymous_81)
FNDA:0,(anonymous_82)
FNDA:0,(anonymous_83)
FNDA:0,(anonymous_84)
FNDA:0,(anonymous_85)
FNDA:0,(anonymous_86)
FNDA:0,(anonymous_87)
FNDA:0,calculatePriority
FNDA:0,calculateFreshness
FNDA:0,loadWasmModule
FNDA:0,(anonymous_91)
FNDA:0,(anonymous_92)
FNDA:0,createReachAwareCache
FNDA:0,createBlobCache
FNDA:0,createChunkCache
FNDA:0,isWasmAvailable
DA:108,0
DA:109,0
DA:110,0
DA:111,0
DA:112,0
DA:116,0
DA:117,0
DA:118,0
DA:140,0
DA:141,0
DA:142,0
DA:143,0
DA:144,0
DA:146,0
DA:157,0
DA:158,0
DA:162,0
DA:163,0
DA:164,0
DA:165,0
DA:166,0
DA:167,0
DA:168,0
DA:169,0
DA:170,0
DA:172,0
DA:177,0
DA:178,0
DA:189,0
DA:191,0
DA:195,0
DA:199,0
DA:200,0
DA:201,0
DA:202,0
DA:206,0
DA:207,0
DA:208,0
DA:209,0
DA:210,0
DA:211,0
DA:215,0
DA:216,0
DA:217,0
DA:218,0
DA:219,0
DA:221,0
DA:225,0
DA:226,0
DA:227,0
DA:228,0
DA:230,0
DA:231,0
DA:245,0
DA:246,0
DA:247,0
DA:251,0
DA:255,0
DA:259,0
DA:263,0
DA:273,0
DA:274,0
DA:278,0
DA:286,0
DA:287,0
DA:288,0
DA:289,0
DA:290,0
DA:293,0
DA:294,0
DA:298,0
DA:299,0
DA:303,0
DA:306,0
DA:307,0
DA:308,0
DA:309,0
DA:310,0
DA:311,0
DA:312,0
DA:313,0
DA:314,0
DA:316,0
DA:320,0
DA:325,0
DA:327,0
DA:331,0
DA:332,0
DA:333,0
DA:334,0
DA:338,0
DA:339,0
DA:340,0
DA:341,0
DA:343,0
DA:344,0
DA:345,0
DA:346,0
DA:347,0
DA:349,0
DA:350,0
DA:354,0
DA:355,0
DA:356,0
DA:357,0
DA:358,0
DA:360,0
DA:364,0
DA:365,0
DA:366,0
DA:368,0
DA:369,0
DA:370,0
DA:371,0
DA:372,0
DA:373,0
DA:377,0
DA:381,0
DA:385,0
DA:389,0
DA:399,0
DA:400,0
DA:404,0
DA:416,0
DA:418,0
DA:430,0
DA:431,0
DA:435,0
DA:436,0
DA:440,0
DA:441,0
DA:445,0
DA:446,0
DA:450,0
DA:451,0
DA:455,0
DA:459,0
DA:463,0
DA:467,0
DA:477,0
DA:480,0
DA:483,0
DA:486,0
DA:489,0
DA:492,0
DA:495,0
DA:501,0
DA:504,0
DA:508,0
DA:512,0
DA:516,0
DA:520,0
DA:524,0
DA:528,0
DA:532,0
DA:536,0
DA:542,0
DA:545,0
DA:549,0
DA:553,0
DA:557,0
DA:561,0
DA:565,0
DA:566,0
DA:567,0
DA:571,0
DA:575,0
DA:579,0
DA:583,0
DA:587,0
DA:591,0
DA:597,0
DA:600,0
DA:604,0
DA:608,0
DA:612,0
DA:616,0
DA:620,0
DA:624,0
DA:628,0
DA:632,0
DA:636,0
DA:650,0
DA:651,0
DA:654,0
DA:657,0
DA:660,0
DA:661,0
DA:662,0
DA:663,0
DA:664,0
DA:668,0
DA:669,0
DA:670,0
DA:671,0
DA:672,0
DA:676,0
DA:679,0
DA:681,0
DA:688,0
DA:689,0
DA:700,0
DA:701,0
DA:702,0
DA:709,0
DA:710,0
DA:717,0
DA:718,0
DA:720,0
DA:721,0
DA:725,0
DA:727,0
DA:728,0
DA:729,0
DA:730,0
DA:731,0
DA:733,0
DA:734,0
DA:735,0
DA:739,0
DA:765,0
DA:768,0
DA:770,0
DA:771,0
DA:772,0
DA:773,0
DA:780,0
DA:789,0
DA:792,0
DA:794,0
DA:795,0
DA:796,0
DA:797,0
DA:804,0
DA:813,0
DA:816,0
DA:817,0
DA:819,0
DA:820,0
DA:821,0
DA:822,0
DA:829,0
DA:838,0
DA:839,0
DA:840,0
DA:844,0
LF:246
LH:0
BRDA:117,0,0,0
BRDA:157,1,0,0
BRDA:163,2,0,0
BRDA:163,2,1,0
BRDA:165,3,0,0
BRDA:165,3,1,0
BRDA:200,4,0,0
BRDA:216,5,0,0
BRDA:226,6,0,0
BRDA:246,7,0,0
BRDA:298,8,0,0
BRDA:307,9,0,0
BRDA:307,9,1,0
BRDA:309,10,0,0
BRDA:309,10,1,0
BRDA:332,11,0,0
BRDA:339,12,0,0
BRDA:344,13,0,0
BRDA:355,14,0,0
BRDA:369,15,0,0
BRDA:566,16,0,0
BRDA:660,17,0,0
BRDA:660,17,1,0
BRDA:660,17,2,0
BRDA:660,17,3,0
BRDA:668,18,0,0
BRDA:668,18,1,0
BRDA:668,18,2,0
BRDA:668,18,3,0
BRDA:700,19,0,0
BRDA:700,19,1,0
BRDA:717,20,0,0
BRDA:718,21,0,0
BRDA:725,22,0,0
BRDA:725,22,1,0
BRDA:766,23,0,0
BRDA:768,24,0,0
BRDA:768,24,1,0
BRDA:770,25,0,0
BRDA:772,26,0,0
BRDA:790,27,0,0
BRDA:792,28,0,0
BRDA:792,28,1,0
BRDA:794,29,0,0
BRDA:796,30,0,0
BRDA:814,31,0,0
BRDA:816,32,0,0
BRDA:816,32,1,0
BRDA:817,33,0,0
BRDA:817,33,1,0
BRDA:819,34,0,0
BRDA:821,35,0,0
BRF:52
BRH:0
end_of_record
TN:
SF:src/cache/types.ts
FNF:0
FNH:0
DA:19,0
DA:44,0
LF:2
LH:0
BRF:0
BRH:0
end_of_record
TN:
SF:src/cache/write-buffer.ts
FN:43,(anonymous_6)
FN:53,(anonymous_7)
FN:280,(anonymous_8)
FN:289,(anonymous_9)
FN:293,(anonymous_10)
FN:341,(anonymous_11)
FN:342,(anonymous_12)
FN:343,(anonymous_13)
FN:344,(anonymous_14)
FN:347,(anonymous_15)
FN:368,(anonymous_16)
FN:426,(anonymous_17)
FN:434,(anonymous_18)
FN:449,(anonymous_19)
FN:468,(anonymous_20)
FN:477,(anonymous_21)
FN:481,(anonymous_22)
FN:486,(anonymous_23)
FN:490,(anonymous_24)
FN:504,(anonymous_25)
FN:511,(anonymous_26)
FN:515,(anonymous_27)
FN:524,(anonymous_28)
FN:539,(anonymous_29)
FN:565,(anonymous_30)
FN:576,(anonymous_31)
FN:578,(anonymous_32)
FN:582,(anonymous_33)
FN:592,(anonymous_34)
FN:596,(anonymous_35)
FN:607,(anonymous_36)
FN:635,(anonymous_37)
FN:639,(anonymous_38)
FN:643,(anonymous_39)
FN:647,(anonymous_40)
FN:651,(anonymous_41)
FN:655,(anonymous_42)
FN:659,(anonymous_43)
FN:663,(anonymous_44)
FN:679,(anonymous_45)
FN:683,(anonymous_46)
FN:687,(anonymous_47)
FN:691,(anonymous_48)
FN:694,(anonymous_49)
FN:713,(anonymous_50)
FN:715,(anonymous_51)
FN:728,(anonymous_52)
FN:739,loadWasmModule
FN:748,(anonymous_54)
FN:762,isWasmBufferAvailable
FN:779,createWriteBuffer
FN:814,createSeedingBuffer
FN:822,createInteractiveBuffer
FN:830,createRecoveryBuffer
FNF:54
FNH:0
FNDA:0,(anonymous_6)
FNDA:0,(anonymous_7)
FNDA:0,(anonymous_8)
FNDA:0,(anonymous_9)
FNDA:0,(anonymous_10)
FNDA:0,(anonymous_11)
FNDA:0,(anonymous_12)
FNDA:0,(anonymous_13)
FNDA:0,(anonymous_14)
FNDA:0,(anonymous_15)
FNDA:0,(anonymous_16)
FNDA:0,(anonymous_17)
FNDA:0,(anonymous_18)
FNDA:0,(anonymous_19)
FNDA:0,(anonymous_20)
FNDA:0,(anonymous_21)
FNDA:0,(anonymous_22)
FNDA:0,(anonymous_23)
FNDA:0,(anonymous_24)
FNDA:0,(anonymous_25)
FNDA:0,(anonymous_26)
FNDA:0,(anonymous_27)
FNDA:0,(anonymous_28)
FNDA:0,(anonymous_29)
FNDA:0,(anonymous_30)
FNDA:0,(anonymous_31)
FNDA:0,(anonymous_32)
FNDA:0,(anonymous_33)
FNDA:0,(anonymous_34)
FNDA:0,(anonymous_35)
FNDA:0,(anonymous_36)
FNDA:0,(anonymous_37)
FNDA:0,(anonymous_38)
FNDA:0,(anonymous_39)
FNDA:0,(anonymous_40)
FNDA:0,(anonymous_41)
FNDA:0,(anonymous_42)
FNDA:0,(anonymous_43)
FNDA:0,(anonymous_44)
FNDA:0,(anonymous_45)
FNDA:0,(anonymous_46)
FNDA:0,(anonymous_47)
FNDA:0,(anonymous_48)
FNDA:0,(anonymous_49)
FNDA:0,(anonymous_50)
FNDA:0,(anonymous_51)
FNDA:0,(anonymous_52)
FNDA:0,loadWasmModule
FNDA:0,(anonymous_54)
FNDA:0,isWasmBufferAvailable
FNDA:0,createWriteBuffer
FNDA:0,createSeedingBuffer
FNDA:0,createInteractiveBuffer
FNDA:0,createRecoveryBuffer
DA:43,0
DA:45,0
DA:47,0
DA:49,0
DA:53,0
DA:55,0
DA:57,0
DA:59,0
DA:61,0
DA:63,0
DA:261,0
DA:262,0
DA:263,0
DA:264,0
DA:265,0
DA:267,0
DA:268,0
DA:271,0
DA:273,0
DA:274,0
DA:275,0
DA:276,0
DA:281,0
DA:282,0
DA:283,0
DA:285,0
DA:286,0
DA:290,0
DA:301,0
DA:302,0
DA:306,0
DA:307,0
DA:308,0
DA:309,0
DA:310,0
DA:312,0
DA:315,0
DA:326,0
DA:328,0
DA:329,0
DA:331,0
DA:332,0
DA:334,0
DA:335,0
DA:338,0
DA:342,0
DA:343,0
DA:344,0
DA:349,0
DA:350,0
DA:354,0
DA:355,0
DA:359,0
DA:360,0
DA:361,0
DA:365,0
DA:369,0
DA:370,0
DA:375,0
DA:377,0
DA:378,0
DA:379,0
DA:380,0
DA:382,0
DA:383,0
DA:384,0
DA:385,0
DA:387,0
DA:388,0
DA:389,0
DA:390,0
DA:392,0
DA:393,0
DA:394,0
DA:396,0
DA:400,0
DA:401,0
DA:402,0
DA:407,0
DA:408,0
DA:416,0
DA:417,0
DA:419,0
DA:427,0
DA:428,0
DA:429,0
DA:430,0
DA:435,0
DA:436,0
DA:437,0
DA:438,0
DA:439,0
DA:440,0
DA:442,0
DA:445,0
DA:450,0
DA:451,0
DA:452,0
DA:453,0
DA:454,0
DA:455,0
DA:456,0
DA:458,0
DA:461,0
DA:464,0
DA:469,0
DA:478,0
DA:482,0
DA:483,0
DA:487,0
DA:491,0
DA:505,0
DA:506,0
DA:507,0
DA:508,0
DA:512,0
DA:516,0
DA:517,0
DA:518,0
DA:519,0
DA:520,0
DA:525,0
DA:531,0
DA:532,0
DA:533,0
DA:534,0
DA:535,0
DA:536,0
DA:540,0
DA:542,0
DA:543,0
DA:547,0
DA:548,0
DA:550,0
DA:552,0
DA:553,0
DA:555,0
DA:556,0
DA:558,0
DA:559,0
DA:566,0
DA:567,0
DA:576,0
DA:579,0
DA:589,0
DA:593,0
DA:597,0
DA:598,0
DA:600,0
DA:601,0
DA:604,0
DA:605,0
DA:615,0
DA:628,0
DA:636,0
DA:640,0
DA:644,0
DA:648,0
DA:652,0
DA:656,0
DA:660,0
DA:664,0
DA:665,0
DA:666,0
DA:680,0
DA:684,0
DA:688,0
DA:692,0
DA:693,0
DA:694,0
DA:702,0
DA:714,0
DA:715,0
DA:725,0
DA:729,0
DA:737,0
DA:740,0
DA:742,0
DA:746,0
DA:748,0
DA:749,0
DA:750,0
DA:751,0
DA:752,0
DA:754,0
DA:755,0
DA:762,0
DA:763,0
DA:764,0
DA:768,0
DA:779,0
DA:782,0
DA:783,0
DA:784,0
DA:785,0
DA:786,0
DA:788,0
DA:789,0
DA:790,0
DA:791,0
DA:792,0
DA:793,0
DA:798,0
DA:804,0
DA:814,0
DA:815,0
DA:822,0
DA:823,0
DA:830,0
DA:831,0
LF:210
LH:0
BRDA:43,0,0,0
BRDA:43,0,1,0
BRDA:53,1,0,0
BRDA:53,1,1,0
BRDA:281,2,0,0
BRDA:282,3,0,0
BRDA:283,4,0,0
BRDA:301,5,0,0
BRDA:301,6,0,0
BRDA:301,6,1,0
BRDA:306,7,0,0
BRDA:308,8,0,0
BRDA:326,9,0,0
BRDA:326,9,1,0
BRDA:326,9,2,0
BRDA:349,10,0,0
BRDA:354,11,0,0
BRDA:354,12,0,0
BRDA:354,12,1,0
BRDA:360,13,0,0
BRDA:375,14,0,0
BRDA:375,14,1,0
BRDA:380,15,0,0
BRDA:380,15,1,0
BRDA:385,16,0,0
BRDA:385,16,1,0
BRDA:390,17,0,0
BRDA:390,17,1,0
BRDA:401,18,0,0
BRDA:428,19,0,0
BRDA:436,20,0,0
BRDA:439,21,0,0
BRDA:439,21,1,0
BRDA:451,22,0,0
BRDA:453,23,0,0
BRDA:453,23,1,0
BRDA:455,24,0,0
BRDA:455,24,1,0
BRDA:542,25,0,0
BRDA:547,26,0,0
BRDA:547,26,1,0
BRDA:550,27,0,0
BRDA:550,27,1,0
BRDA:550,27,2,0
BRDA:600,28,0,0
BRDA:740,29,0,0
BRDA:782,30,0,0
BRDA:782,30,1,0
BRDA:783,31,0,0
BRDA:783,31,1,0
BRDA:783,31,2,0
BRDA:784,32,0,0
BRDA:784,32,1,0
BRDA:784,32,2,0
BRDA:785,33,0,0
BRDA:785,33,1,0
BRDA:785,33,2,0
BRDA:786,34,0,0
BRDA:786,34,1,0
BRDA:788,35,0,0
BRDA:790,36,0,0
BRF:61
BRH:0
end_of_record
TN:
SF:src/cli/holo-import.ts
FN:53,(anonymous_6)
FN:85,(anonymous_7)
FN:142,(anonymous_8)
FN:159,(anonymous_9)
FN:182,(anonymous_10)
FN:186,(anonymous_11)
FN:191,(anonymous_12)
FN:248,(anonymous_13)
FN:295,(anonymous_14)
FN:346,(anonymous_15)
FNF:10
FNH:0
FNDA:0,(anonymous_6)
FNDA:0,(anonymous_7)
FNDA:0,(anonymous_8)
FNDA:0,(anonymous_9)
FNDA:0,(anonymous_10)
FNDA:0,(anonymous_11)
FNDA:0,(anonymous_12)
FNDA:0,(anonymous_13)
FNDA:0,(anonymous_14)
FNDA:0,(anonymous_15)
DA:16,0
DA:17,0
DA:18,0
DA:19,0
DA:20,0
DA:21,0
DA:24,0
DA:27,0
DA:33,0
DA:41,0
DA:54,0
DA:56,0
DA:57,0
DA:58,0
DA:59,0
DA:60,0
DA:61,0
DA:62,0
DA:63,0
DA:65,0
DA:67,0
DA:70,0
DA:72,0
DA:73,0
DA:84,0
DA:85,0
DA:87,0
DA:88,0
DA:91,0
DA:92,0
DA:93,0
DA:94,0
DA:96,0
DA:97,0
DA:100,0
DA:104,0
DA:111,0
DA:112,0
DA:114,0
DA:115,0
DA:116,0
DA:117,0
DA:119,0
DA:120,0
DA:121,0
DA:122,0
DA:124,0
DA:125,0
DA:129,0
DA:130,0
DA:137,0
DA:143,0
DA:144,0
DA:150,0
DA:151,0
DA:153,0
DA:154,0
DA:155,0
DA:157,0
DA:158,0
DA:159,0
DA:160,0
DA:161,0
DA:164,0
DA:167,0
DA:168,0
DA:175,0
DA:183,0
DA:185,0
DA:186,0
DA:187,0
DA:188,0
DA:191,0
DA:194,0
DA:195,0
DA:198,0
DA:200,0
DA:201,0
DA:207,0
DA:209,0
DA:210,0
DA:211,0
DA:212,0
DA:214,0
DA:215,0
DA:216,0
DA:217,0
DA:221,0
DA:222,0
DA:223,0
DA:224,0
DA:229,0
DA:230,0
DA:233,0
DA:234,0
DA:241,0
DA:249,0
DA:250,0
DA:256,0
DA:257,0
DA:262,0
DA:263,0
DA:265,0
DA:266,0
DA:267,0
DA:270,0
DA:271,0
DA:272,0
DA:273,0
DA:274,0
DA:275,0
DA:278,0
DA:280,0
DA:281,0
DA:288,0
DA:296,0
DA:297,0
DA:303,0
DA:305,0
DA:306,0
DA:307,0
DA:310,0
DA:311,0
DA:312,0
DA:315,0
DA:316,0
DA:317,0
DA:318,0
DA:319,0
DA:320,0
DA:321,0
DA:322,0
DA:323,0
DA:324,0
DA:325,0
DA:326,0
DA:327,0
DA:328,0
DA:329,0
DA:330,0
DA:331,0
DA:333,0
DA:334,0
DA:341,0
DA:347,0
DA:348,0
DA:349,0
DA:350,0
DA:352,0
DA:357,0
DA:358,0
DA:359,0
DA:360,0
DA:362,0
DA:363,0
DA:368,0
DA:369,0
DA:371,0
DA:372,0
DA:374,0
DA:376,0
DA:377,0
DA:384,0
LF:163
LH:0
BRDA:60,0,0,0
BRDA:60,0,1,0
BRDA:62,1,0,0
BRDA:74,2,0,0
BRDA:74,2,1,0
BRDA:87,3,0,0
BRDA:91,4,0,0
BRDA:96,5,0,0
BRDA:119,6,0,0
BRDA:124,7,0,0
BRDA:157,8,0,0
BRDA:157,8,1,0
BRDA:185,9,0,0
BRDA:185,9,1,0
BRDA:187,10,0,0
BRDA:187,10,1,0
BRDA:187,11,0,0
BRDA:187,11,1,0
BRDA:214,12,0,0
BRDA:214,13,0,0
BRDA:214,13,1,0
BRDA:221,14,0,0
BRDA:229,15,0,0
BRDA:265,16,0,0
BRDA:274,17,0,0
BRDA:274,17,1,0
BRDA:305,18,0,0
BRDA:310,19,0,0
BRDA:323,20,0,0
BRDA:323,20,1,0
BRF:30
BRH:0
end_of_record
TN:
SF:src/cli/import.ts
FN:67,(anonymous_6)
FN:102,(anonymous_7)
FN:117,(anonymous_8)
FN:151,(anonymous_9)
FN:183,(anonymous_10)
FN:189,(anonymous_11)
FN:200,(anonymous_12)
FN:207,(anonymous_13)
FN:214,(anonymous_14)
FN:233,(anonymous_15)
FN:239,(anonymous_16)
FN:257,(anonymous_17)
FN:287,(anonymous_18)
FN:292,(anonymous_19)
FN:313,(anonymous_20)
FN:315,(anonymous_21)
FN:331,(anonymous_22)
FN:336,(anonymous_23)
FN:345,(anonymous_24)
FN:366,(anonymous_25)
FN:385,(anonymous_26)
FN:471,(anonymous_27)
FN:520,(anonymous_28)
FN:585,(anonymous_29)
FN:615,(anonymous_30)
FN:638,(anonymous_31)
FN:682,(anonymous_32)
FN:732,(anonymous_33)
FN:761,(anonymous_34)
FN:767,(anonymous_35)
FN:772,(anonymous_36)
FN:773,(anonymous_37)
FN:787,(anonymous_38)
FN:822,(anonymous_39)
FN:825,(anonymous_40)
FN:850,(anonymous_41)
FN:864,(anonymous_42)
FN:937,(anonymous_43)
FN:947,(anonymous_44)
FN:979,(anonymous_45)
FN:1021,(anonymous_46)
FN:1047,(anonymous_47)
FN:1093,(anonymous_48)
FN:1124,(anonymous_49)
FN:1153,(anonymous_50)
FN:1154,(anonymous_51)
FN:1171,(anonymous_52)
FN:1172,(anonymous_53)
FN:1189,(anonymous_54)
FN:1243,(anonymous_55)
FN:1257,(anonymous_56)
FN:1284,(anonymous_57)
FN:1324,(anonymous_58)
FN:1354,(anonymous_59)
FN:1412,(anonymous_60)
FN:1431,(anonymous_61)
FN:1452,(anonymous_62)
FN:1491,(anonymous_63)
FN:1537,(anonymous_64)
FN:1555,(anonymous_65)
FN:1578,(anonymous_66)
FNF:61
FNH:0
FNDA:0,(anonymous_6)
FNDA:0,(anonymous_7)
FNDA:0,(anonymous_8)
FNDA:0,(anonymous_9)
FNDA:0,(anonymous_10)
FNDA:0,(anonymous_11)
FNDA:0,(anonymous_12)
FNDA:0,(anonymous_13)
FNDA:0,(anonymous_14)
FNDA:0,(anonymous_15)
FNDA:0,(anonymous_16)
FNDA:0,(anonymous_17)
FNDA:0,(anonymous_18)
FNDA:0,(anonymous_19)
FNDA:0,(anonymous_20)
FNDA:0,(anonymous_21)
FNDA:0,(anonymous_22)
FNDA:0,(anonymous_23)
FNDA:0,(anonymous_24)
FNDA:0,(anonymous_25)
FNDA:0,(anonymous_26)
FNDA:0,(anonymous_27)
FNDA:0,(anonymous_28)
FNDA:0,(anonymous_29)
FNDA:0,(anonymous_30)
FNDA:0,(anonymous_31)
FNDA:0,(anonymous_32)
FNDA:0,(anonymous_33)
FNDA:0,(anonymous_34)
FNDA:0,(anonymous_35)
FNDA:0,(anonymous_36)
FNDA:0,(anonymous_37)
FNDA:0,(anonymous_38)
FNDA:0,(anonymous_39)
FNDA:0,(anonymous_40)
FNDA:0,(anonymous_41)
FNDA:0,(anonymous_42)
FNDA:0,(anonymous_43)
FNDA:0,(anonymous_44)
FNDA:0,(anonymous_45)
FNDA:0,(anonymous_46)
FNDA:0,(anonymous_47)
FNDA:0,(anonymous_48)
FNDA:0,(anonymous_49)
FNDA:0,(anonymous_50)
FNDA:0,(anonymous_51)
FNDA:0,(anonymous_52)
FNDA:0,(anonymous_53)
FNDA:0,(anonymous_54)
FNDA:0,(anonymous_55)
FNDA:0,(anonymous_56)
FNDA:0,(anonymous_57)
FNDA:0,(anonymous_58)
FNDA:0,(anonymous_59)
FNDA:0,(anonymous_60)
FNDA:0,(anonymous_61)
FNDA:0,(anonymous_62)
FNDA:0,(anonymous_63)
FNDA:0,(anonymous_64)
FNDA:0,(anonymous_65)
FNDA:0,(anonymous_66)
DA:17,0
DA:18,0
DA:19,0
DA:20,0
DA:21,0
DA:22,0
DA:26,0
DA:31,0
DA:42,0
DA:49,0
DA:51,0
DA:53,0
DA:58,0
DA:68,0
DA:69,0
DA:71,0
DA:72,0
DA:73,0
DA:74,0
DA:75,0
DA:76,0
DA:77,0
DA:79,0
DA:81,0
DA:82,0
DA:94,0
DA:95,0
DA:96,0
DA:97,0
DA:98,0
DA:99,0
DA:101,0
DA:102,0
DA:103,0
DA:105,0
DA:108,0
DA:109,0
DA:113,0
DA:118,0
DA:120,0
DA:121,0
DA:122,0
DA:123,0
DA:125,0
DA:126,0
DA:127,0
DA:128,0
DA:129,0
DA:130,0
DA:131,0
DA:132,0
DA:133,0
DA:135,0
DA:136,0
DA:137,0
DA:138,0
DA:142,0
DA:143,0
DA:147,0
DA:152,0
DA:154,0
DA:155,0
DA:156,0
DA:158,0
DA:159,0
DA:161,0
DA:162,0
DA:163,0
DA:165,0
DA:168,0
DA:169,0
DA:173,0
DA:184,0
DA:185,0
DA:187,0
DA:189,0
DA:190,0
DA:191,0
DA:192,0
DA:195,0
DA:196,0
DA:199,0
DA:200,0
DA:201,0
DA:203,0
DA:206,0
DA:207,0
DA:208,0
DA:210,0
DA:213,0
DA:214,0
DA:215,0
DA:217,0
DA:221,0
DA:222,0
DA:224,0
DA:227,0
DA:228,0
DA:229,0
DA:232,0
DA:233,0
DA:234,0
DA:238,0
DA:239,0
DA:240,0
DA:241,0
DA:242,0
DA:245,0
DA:246,0
DA:247,0
DA:248,0
DA:249,0
DA:250,0
DA:253,0
DA:254,0
DA:255,0
DA:256,0
DA:257,0
DA:258,0
DA:259,0
DA:261,0
DA:264,0
DA:265,0
DA:271,0
DA:272,0
DA:273,0
DA:274,0
DA:278,0
DA:279,0
DA:283,0
DA:288,0
DA:289,0
DA:291,0
DA:292,0
DA:293,0
DA:294,0
DA:295,0
DA:298,0
DA:301,0
DA:303,0
DA:304,0
DA:305,0
DA:306,0
DA:308,0
DA:309,0
DA:312,0
DA:313,0
DA:314,0
DA:315,0
DA:316,0
DA:318,0
DA:321,0
DA:322,0
DA:326,0
DA:332,0
DA:333,0
DA:335,0
DA:336,0
DA:337,0
DA:338,0
DA:339,0
DA:342,0
DA:344,0
DA:345,0
DA:346,0
DA:350,0
DA:352,0
DA:353,0
DA:354,0
DA:356,0
DA:357,0
DA:359,0
DA:360,0
DA:361,0
DA:365,0
DA:366,0
DA:367,0
DA:368,0
DA:369,0
DA:372,0
DA:373,0
DA:381,0
DA:386,0
DA:387,0
DA:389,0
DA:390,0
DA:391,0
DA:392,0
DA:395,0
DA:396,0
DA:398,0
DA:399,0
DA:400,0
DA:401,0
DA:403,0
DA:404,0
DA:406,0
DA:413,0
DA:414,0
DA:415,0
DA:416,0
DA:418,0
DA:419,0
DA:420,0
DA:421,0
DA:422,0
DA:423,0
DA:424,0
DA:425,0
DA:426,0
DA:429,0
DA:432,0
DA:433,0
DA:434,0
DA:435,0
DA:436,0
DA:438,0
DA:439,0
DA:443,0
DA:444,0
DA:445,0
DA:446,0
DA:447,0
DA:449,0
DA:451,0
DA:453,0
DA:454,0
DA:457,0
DA:458,0
DA:466,0
DA:472,0
DA:473,0
DA:475,0
DA:476,0
DA:477,0
DA:478,0
DA:479,0
DA:481,0
DA:482,0
DA:484,0
DA:485,0
DA:486,0
DA:488,0
DA:489,0
DA:490,0
DA:491,0
DA:493,0
DA:497,0
DA:498,0
DA:499,0
DA:501,0
DA:503,0
DA:504,0
DA:512,0
DA:521,0
DA:522,0
DA:523,0
DA:524,0
DA:525,0
DA:526,0
DA:528,0
DA:530,0
DA:533,0
DA:534,0
DA:535,0
DA:536,0
DA:540,0
DA:541,0
DA:542,0
DA:543,0
DA:544,0
DA:545,0
DA:546,0
DA:547,0
DA:548,0
DA:550,0
DA:551,0
DA:554,0
DA:555,0
DA:556,0
DA:559,0
DA:561,0
DA:562,0
DA:563,0
DA:564,0
DA:573,0
DA:586,0
DA:587,0
DA:588,0
DA:589,0
DA:591,0
DA:594,0
DA:595,0
DA:596,0
DA:597,0
DA:598,0
DA:599,0
DA:600,0
DA:603,0
DA:605,0
DA:606,0
DA:615,0
DA:618,0
DA:619,0
DA:620,0
DA:621,0
DA:623,0
DA:624,0
DA:628,0
DA:639,0
DA:640,0
DA:641,0
DA:642,0
DA:644,0
DA:647,0
DA:648,0
DA:649,0
DA:650,0
DA:651,0
DA:652,0
DA:655,0
DA:657,0
DA:658,0
DA:666,0
DA:667,0
DA:668,0
DA:669,0
DA:670,0
DA:672,0
DA:673,0
DA:677,0
DA:683,0
DA:684,0
DA:686,0
DA:687,0
DA:688,0
DA:689,0
DA:690,0
DA:692,0
DA:693,0
DA:695,0
DA:696,0
DA:698,0
DA:699,0
DA:700,0
DA:701,0
DA:703,0
DA:706,0
DA:708,0
DA:709,0
DA:717,0
DA:733,0
DA:734,0
DA:735,0
DA:738,0
DA:739,0
DA:740,0
DA:741,0
DA:742,0
DA:743,0
DA:744,0
DA:745,0
DA:746,0
DA:747,0
DA:750,0
DA:751,0
DA:752,0
DA:753,0
DA:756,0
DA:757,0
DA:760,0
DA:761,0
DA:762,0
DA:766,0
DA:767,0
DA:768,0
DA:772,0
DA:773,0
DA:774,0
DA:778,0
DA:787,0
DA:788,0
DA:789,0
DA:790,0
DA:791,0
DA:795,0
DA:796,0
DA:798,0
DA:799,0
DA:800,0
DA:804,0
DA:805,0
DA:807,0
DA:808,0
DA:810,0
DA:812,0
DA:813,0
DA:814,0
DA:815,0
DA:818,0
DA:819,0
DA:820,0
DA:822,0
DA:823,0
DA:825,0
DA:836,0
DA:845,0
DA:846,0
DA:850,0
DA:863,0
DA:864,0
DA:867,0
DA:887,0
DA:888,0
DA:889,0
DA:890,0
DA:891,0
DA:892,0
DA:893,0
DA:894,0
DA:896,0
DA:897,0
DA:898,0
DA:899,0
DA:900,0
DA:901,0
DA:903,0
DA:904,0
DA:908,0
DA:909,0
DA:910,0
DA:912,0
DA:913,0
DA:917,0
DA:918,0
DA:921,0
DA:922,0
DA:925,0
DA:926,0
DA:929,0
DA:930,0
DA:932,0
DA:933,0
DA:937,0
DA:940,0
DA:947,0
DA:954,0
DA:955,0
DA:957,0
DA:959,0
DA:960,0
DA:964,0
DA:965,0
DA:973,0
DA:980,0
DA:981,0
DA:983,0
DA:984,0
DA:985,0
DA:986,0
DA:989,0
DA:990,0
DA:991,0
DA:995,0
DA:996,0
DA:997,0
DA:1000,0
DA:1001,0
DA:1002,0
DA:1005,0
DA:1006,0
DA:1008,0
DA:1009,0
DA:1010,0
DA:1011,0
DA:1012,0
DA:1013,0
DA:1014,0
DA:1015,0
DA:1018,0
DA:1020,0
DA:1021,0
DA:1022,0
DA:1023,0
DA:1025,0
DA:1026,0
DA:1028,0
DA:1029,0
DA:1030,0
DA:1034,0
DA:1035,0
DA:1036,0
DA:1037,0
DA:1038,0
DA:1039,0
DA:1043,0
DA:1044,0
DA:1045,0
DA:1046,0
DA:1047,0
DA:1049,0
DA:1050,0
DA:1052,0
DA:1053,0
DA:1054,0
DA:1055,0
DA:1058,0
DA:1059,0
DA:1061,0
DA:1063,0
DA:1064,0
DA:1066,0
DA:1067,0
DA:1070,0
DA:1074,0
DA:1075,0
DA:1076,0
DA:1077,0
DA:1080,0
DA:1081,0
DA:1084,0
DA:1085,0
DA:1089,0
DA:1094,0
DA:1096,0
DA:1097,0
DA:1098,0
DA:1101,0
DA:1102,0
DA:1103,0
DA:1105,0
DA:1106,0
DA:1107,0
DA:1108,0
DA:1109,0
DA:1112,0
DA:1114,0
DA:1115,0
DA:1119,0
DA:1125,0
DA:1126,0
DA:1128,0
DA:1129,0
DA:1130,0
DA:1133,0
DA:1134,0
DA:1135,0
DA:1137,0
DA:1149,0
DA:1150,0
DA:1151,0
DA:1152,0
DA:1153,0
DA:1154,0
DA:1156,0
DA:1158,0
DA:1161,0
DA:1162,0
DA:1163,0
DA:1164,0
DA:1165,0
DA:1167,0
DA:1168,0
DA:1169,0
DA:1170,0
DA:1171,0
DA:1172,0
DA:1174,0
DA:1176,0
DA:1179,0
DA:1180,0
DA:1181,0
DA:1182,0
DA:1183,0
DA:1185,0
DA:1186,0
DA:1187,0
DA:1188,0
DA:1189,0
DA:1191,0
DA:1193,0
DA:1196,0
DA:1197,0
DA:1198,0
DA:1199,0
DA:1200,0
DA:1202,0
DA:1203,0
DA:1204,0
DA:1205,0
DA:1206,0
DA:1207,0
DA:1208,0
DA:1209,0
DA:1210,0
DA:1216,0
DA:1219,0
DA:1220,0
DA:1222,0
DA:1223,0
DA:1224,0
DA:1227,0
DA:1228,0
DA:1232,0
DA:1244,0
DA:1246,0
DA:1247,0
DA:1248,0
DA:1250,0
DA:1257,0
DA:1262,0
DA:1263,0
DA:1264,0
DA:1265,0
DA:1267,0
DA:1269,0
DA:1270,0
DA:1274,0
DA:1285,0
DA:1287,0
DA:1288,0
DA:1289,0
DA:1292,0
DA:1293,0
DA:1294,0
DA:1296,0
DA:1307,0
DA:1308,0
DA:1309,0
DA:1310,0
DA:1311,0
DA:1313,0
DA:1315,0
DA:1316,0
DA:1320,0
DA:1325,0
DA:1327,0
DA:1328,0
DA:1329,0
DA:1331,0
DA:1332,0
DA:1333,0
DA:1334,0
DA:1335,0
DA:1336,0
DA:1337,0
DA:1338,0
DA:1340,0
DA:1342,0
DA:1344,0
DA:1345,0
DA:1349,0
DA:1355,0
DA:1357,0
DA:1358,0
DA:1359,0
DA:1361,0
DA:1362,0
DA:1363,0
DA:1364,0
DA:1367,0
DA:1368,0
DA:1369,0
DA:1370,0
DA:1371,0
DA:1372,0
DA:1373,0
DA:1374,0
DA:1375,0
DA:1377,0
DA:1378,0
DA:1379,0
DA:1380,0
DA:1381,0
DA:1382,0
DA:1385,0
DA:1386,0
DA:1387,0
DA:1388,0
DA:1392,0
DA:1394,0
DA:1395,0
DA:1399,0
DA:1413,0
DA:1415,0
DA:1416,0
DA:1417,0
DA:1419,0
DA:1420,0
DA:1421,0
DA:1424,0
DA:1431,0
DA:1435,0
DA:1436,0
DA:1437,0
DA:1438,0
DA:1440,0
DA:1442,0
DA:1443,0
DA:1447,0
DA:1453,0
DA:1455,0
DA:1456,0
DA:1457,0
DA:1459,0
DA:1460,0
DA:1461,0
DA:1462,0
DA:1465,0
DA:1466,0
DA:1467,0
DA:1468,0
DA:1469,0
DA:1470,0
DA:1471,0
DA:1472,0
DA:1473,0
DA:1474,0
DA:1475,0
DA:1477,0
DA:1479,0
DA:1480,0
DA:1484,0
DA:1492,0
DA:1494,0
DA:1495,0
DA:1496,0
DA:1499,0
DA:1500,0
DA:1501,0
DA:1504,0
DA:1505,0
DA:1506,0
DA:1508,0
DA:1510,0
DA:1511,0
DA:1513,0
DA:1514,0
DA:1515,0
DA:1516,0
DA:1518,0
DA:1519,0
DA:1521,0
DA:1525,0
DA:1527,0
DA:1528,0
DA:1532,0
DA:1538,0
DA:1539,0
DA:1541,0
DA:1542,0
DA:1543,0
DA:1546,0
DA:1547,0
DA:1550,0
DA:1551,0
DA:1552,0
DA:1555,0
DA:1557,0
DA:1561,0
DA:1564,0
DA:1565,0
DA:1566,0
DA:1573,0
DA:1574,0
DA:1575,0
DA:1578,0
DA:1587,0
DA:1593,0
DA:1594,0
DA:1595,0
DA:1596,0
DA:1602,0
DA:1604,0
DA:1605,0
DA:1608,0
DA:1609,0
DA:1613,0
LF:778
LH:0
BRDA:75,0,0,0
BRDA:75,0,1,0
BRDA:76,1,0,0
BRDA:83,2,0,0
BRDA:83,2,1,0
BRDA:94,3,0,0
BRDA:94,3,1,0
BRDA:133,4,0,0
BRDA:133,4,1,0
BRDA:135,5,0,0
BRDA:158,6,0,0
BRDA:158,6,1,0
BRDA:190,7,0,0
BRDA:199,8,0,0
BRDA:206,9,0,0
BRDA:213,10,0,0
BRDA:229,11,0,0
BRDA:229,11,1,0
BRDA:238,12,0,0
BRDA:240,13,0,0
BRDA:248,14,0,0
BRDA:248,14,1,0
BRDA:249,15,0,0
BRDA:249,15,1,0
BRDA:250,16,0,0
BRDA:250,16,1,0
BRDA:253,17,0,0
BRDA:253,17,1,0
BRDA:254,18,0,0
BRDA:258,19,0,0
BRDA:258,19,1,0
BRDA:264,20,0,0
BRDA:293,21,0,0
BRDA:304,22,0,0
BRDA:304,22,1,0
BRDA:305,23,0,0
BRDA:309,24,0,0
BRDA:309,24,1,0
BRDA:337,25,0,0
BRDA:344,26,0,0
BRDA:354,27,0,0
BRDA:356,28,0,0
BRDA:360,29,0,0
BRDA:390,30,0,0
BRDA:414,31,0,0
BRDA:414,31,1,0
BRDA:418,32,0,0
BRDA:418,32,1,0
BRDA:421,33,0,0
BRDA:421,33,1,0
BRDA:424,34,0,0
BRDA:432,35,0,0
BRDA:438,36,0,0
BRDA:444,37,0,0
BRDA:444,37,1,0
BRDA:444,38,0,0
BRDA:444,38,1,0
BRDA:446,39,0,0
BRDA:446,39,1,0
BRDA:453,40,0,0
BRDA:453,41,0,0
BRDA:453,41,1,0
BRDA:488,42,0,0
BRDA:521,43,0,0
BRDA:540,44,0,0
BRDA:540,44,1,0
BRDA:543,45,0,0
BRDA:543,45,1,0
BRDA:543,46,0,0
BRDA:543,46,1,0
BRDA:546,47,0,0
BRDA:546,47,1,0
BRDA:561,48,0,0
BRDA:586,49,0,0
BRDA:594,50,0,0
BRDA:594,51,0,0
BRDA:594,51,1,0
BRDA:594,51,2,0
BRDA:594,51,3,0
BRDA:611,52,0,0
BRDA:611,52,1,0
BRDA:611,53,0,0
BRDA:611,53,1,0
BRDA:639,54,0,0
BRDA:647,55,0,0
BRDA:647,56,0,0
BRDA:647,56,1,0
BRDA:647,56,2,0
BRDA:698,57,0,0
BRDA:738,58,0,0
BRDA:738,59,0,0
BRDA:738,59,1,0
BRDA:751,60,0,0
BRDA:760,61,0,0
BRDA:766,62,0,0
BRDA:788,63,0,0
BRDA:788,63,1,0
BRDA:789,64,0,0
BRDA:789,64,1,0
BRDA:790,65,0,0
BRDA:791,66,0,0
BRDA:791,66,1,0
BRDA:791,67,0,0
BRDA:791,67,1,0
BRDA:798,68,0,0
BRDA:810,69,0,0
BRDA:810,69,1,0
BRDA:814,70,0,0
BRDA:823,71,0,0
BRDA:823,71,1,0
BRDA:823,72,0,0
BRDA:823,72,1,0
BRDA:830,73,0,0
BRDA:830,73,1,0
BRDA:855,74,0,0
BRDA:855,74,1,0
BRDA:863,75,0,0
BRDA:863,75,1,0
BRDA:871,76,0,0
BRDA:871,76,1,0
BRDA:871,77,0,0
BRDA:871,77,1,0
BRDA:872,78,0,0
BRDA:872,78,1,0
BRDA:872,79,0,0
BRDA:872,79,1,0
BRDA:896,80,0,0
BRDA:896,80,1,0
BRDA:903,81,0,0
BRDA:912,82,0,0
BRDA:917,83,0,0
BRDA:917,83,1,0
BRDA:921,84,0,0
BRDA:932,85,0,0
BRDA:946,86,0,0
BRDA:946,86,1,0
BRDA:989,87,0,0
BRDA:989,88,0,0
BRDA:989,88,1,0
BRDA:995,89,0,0
BRDA:995,90,0,0
BRDA:995,90,1,0
BRDA:1009,91,0,0
BRDA:1009,91,1,0
BRDA:1012,92,0,0
BRDA:1015,93,0,0
BRDA:1015,93,1,0
BRDA:1018,94,0,0
BRDA:1022,95,0,0
BRDA:1035,96,0,0
BRDA:1038,97,0,0
BRDA:1038,97,1,0
BRDA:1044,98,0,0
BRDA:1047,99,0,0
BRDA:1047,99,1,0
BRDA:1058,100,0,0
BRDA:1096,101,0,0
BRDA:1128,102,0,0
BRDA:1153,103,0,0
BRDA:1153,103,1,0
BRDA:1154,104,0,0
BRDA:1154,104,1,0
BRDA:1156,105,0,0
BRDA:1156,105,1,0
BRDA:1156,106,0,0
BRDA:1156,106,1,0
BRDA:1171,107,0,0
BRDA:1171,107,1,0
BRDA:1172,108,0,0
BRDA:1172,108,1,0
BRDA:1174,109,0,0
BRDA:1174,109,1,0
BRDA:1174,110,0,0
BRDA:1174,110,1,0
BRDA:1174,111,0,0
BRDA:1174,111,1,0
BRDA:1174,112,0,0
BRDA:1174,112,1,0
BRDA:1189,113,0,0
BRDA:1189,113,1,0
BRDA:1191,114,0,0
BRDA:1191,114,1,0
BRDA:1253,115,0,0
BRDA:1253,115,1,0
BRDA:1254,116,0,0
BRDA:1254,116,1,0
BRDA:1257,117,0,0
BRDA:1257,117,1,0
BRDA:1293,118,0,0
BRDA:1293,118,1,0
BRDA:1293,118,2,0
BRDA:1294,119,0,0
BRDA:1294,119,1,0
BRDA:1294,119,2,0
BRDA:1362,120,0,0
BRDA:1375,121,0,0
BRDA:1375,121,1,0
BRDA:1377,122,0,0
BRDA:1377,122,1,0
BRDA:1382,123,0,0
BRDA:1382,123,1,0
BRDA:1385,124,0,0
BRDA:1388,125,0,0
BRDA:1388,125,1,0
BRDA:1419,126,0,0
BRDA:1419,126,1,0
BRDA:1420,127,0,0
BRDA:1420,128,0,0
BRDA:1420,128,1,0
BRDA:1428,129,0,0
BRDA:1428,129,1,0
BRDA:1431,130,0,0
BRDA:1431,130,1,0
BRDA:1460,131,0,0
BRDA:1472,132,0,0
BRDA:1472,132,1,0
BRDA:1475,133,0,0
BRDA:1475,133,1,0
BRDA:1494,134,0,0
BRDA:1494,134,1,0
BRDA:1495,135,0,0
BRDA:1495,136,0,0
BRDA:1495,136,1,0
BRDA:1499,137,0,0
BRDA:1510,138,0,0
BRDA:1510,138,1,0
BRDA:1515,139,0,0
BRDA:1515,139,1,0
BRDA:1595,140,0,0
BRF:229
BRH:0
end_of_record
TN:
SF:src/client/elohim-client.ts
FN:45,(anonymous_0)
FN:53,(anonymous_1)
FN:62,(anonymous_2)
FN:69,(anonymous_3)
FN:90,(anonymous_4)
FN:99,(anonymous_5)
FN:109,(anonymous_6)
FN:112,(anonymous_7)
FN:117,(anonymous_8)
FN:122,(anonymous_9)
FN:128,(anonymous_10)
FN:160,(anonymous_11)
FN:174,(anonymous_12)
FN:182,(anonymous_13)
FN:187,(anonymous_14)
FN:192,(anonymous_15)
FN:197,(anonymous_16)
FN:209,(anonymous_17)
FN:228,(anonymous_18)
FN:241,(anonymous_19)
FN:254,(anonymous_20)
FN:274,(anonymous_21)
FN:290,(anonymous_22)
FN:319,(anonymous_23)
FN:330,(anonymous_24)
FN:348,(anonymous_25)
FN:364,(anonymous_26)
FN:374,(anonymous_27)
FN:408,(anonymous_28)
FN:433,(anonymous_29)
FN:444,(anonymous_30)
FN:476,(anonymous_31)
FN:513,(anonymous_32)
FN:538,(anonymous_33)
FN:554,(anonymous_34)
FN:562,(anonymous_35)
FN:569,(anonymous_36)
FNF:37
FNH:0
FNDA:0,(anonymous_0)
FNDA:0,(anonymous_1)
FNDA:0,(anonymous_2)
FNDA:0,(anonymous_3)
FNDA:0,(anonymous_4)
FNDA:0,(anonymous_5)
FNDA:0,(anonymous_6)
FNDA:0,(anonymous_7)
FNDA:0,(anonymous_8)
FNDA:0,(anonymous_9)
FNDA:0,(anonymous_10)
FNDA:0,(anonymous_11)
FNDA:0,(anonymous_12)
FNDA:0,(anonymous_13)
FNDA:0,(anonymous_14)
FNDA:0,(anonymous_15)
FNDA:0,(anonymous_16)
FNDA:0,(anonymous_17)
FNDA:0,(anonymous_18)
FNDA:0,(anonymous_19)
FNDA:0,(anonymous_20)
FNDA:0,(anonymous_21)
FNDA:0,(anonymous_22)
FNDA:0,(anonymous_23)
FNDA:0,(anonymous_24)
FNDA:0,(anonymous_25)
FNDA:0,(anonymous_26)
FNDA:0,(anonymous_27)
FNDA:0,(anonymous_28)
FNDA:0,(anonymous_29)
FNDA:0,(anonymous_30)
FNDA:0,(anonymous_31)
FNDA:0,(anonymous_32)
FNDA:0,(anonymous_33)
FNDA:0,(anonymous_34)
FNDA:0,(anonymous_35)
FNDA:0,(anonymous_36)
DA:17,0
DA:40,0
DA:42,0
DA:43,0
DA:46,0
DA:47,0
DA:48,0
DA:49,0
DA:54,0
DA:55,0
DA:58,0
DA:61,0
DA:62,0
DA:63,0
DA:70,0
DA:73,0
DA:74,0
DA:75,0
DA:76,0
DA:78,0
DA:81,0
DA:82,0
DA:83,0
DA:86,0
DA:91,0
DA:92,0
DA:93,0
DA:95,0
DA:100,0
DA:101,0
DA:108,0
DA:109,0
DA:113,0
DA:118,0
DA:124,0
DA:129,0
DA:130,0
DA:131,0
DA:132,0
DA:133,0
DA:134,0
DA:135,0
DA:136,0
DA:140,0
DA:154,0
DA:161,0
DA:162,0
DA:165,0
DA:169,0
DA:170,0
DA:175,0
DA:183,0
DA:188,0
DA:193,0
DA:198,0
DA:210,0
DA:212,0
DA:215,0
DA:216,0
DA:219,0
DA:223,0
DA:229,0
DA:242,0
DA:244,0
DA:247,0
DA:258,0
DA:261,0
DA:262,0
DA:263,0
DA:264,0
DA:268,0
DA:275,0
DA:277,0
DA:280,0
DA:296,0
DA:297,0
DA:300,0
DA:308,0
DA:311,0
DA:312,0
DA:323,0
DA:324,0
DA:331,0
DA:332,0
DA:334,0
DA:336,0
DA:337,0
DA:340,0
DA:341,0
DA:349,0
DA:365,0
DA:367,0
DA:370,0
DA:380,0
DA:383,0
DA:385,0
DA:389,0
DA:390,0
DA:391,0
DA:394,0
DA:396,0
DA:397,0
DA:400,0
DA:401,0
DA:402,0
DA:405,0
DA:414,0
DA:415,0
DA:417,0
DA:419,0
DA:420,0
DA:423,0
DA:424,0
DA:425,0
DA:428,0
DA:434,0
DA:436,0
DA:438,0
DA:451,0
DA:453,0
DA:454,0
DA:456,0
DA:458,0
DA:459,0
DA:462,0
DA:464,0
DA:465,0
DA:468,0
DA:469,0
DA:470,0
DA:473,0
DA:482,0
DA:483,0
DA:485,0
DA:486,0
DA:487,0
DA:488,0
DA:489,0
DA:490,0
DA:493,0
DA:494,0
DA:496,0
DA:498,0
DA:499,0
DA:502,0
DA:503,0
DA:504,0
DA:505,0
DA:509,0
DA:510,0
DA:515,0
DA:516,0
DA:517,0
DA:518,0
DA:519,0
DA:522,0
DA:526,0
DA:527,0
DA:531,0
DA:533,0
DA:536,0
DA:537,0
DA:538,0
DA:540,0
DA:546,0
DA:547,0
DA:559,0
DA:566,0
DA:570,0
LF:169
LH:0
BRDA:45,0,0,0
BRDA:61,1,0,0
BRDA:81,2,0,0
BRDA:109,3,0,0
BRDA:129,4,0,0
BRDA:129,4,1,0
BRDA:129,4,2,0
BRDA:129,4,3,0
BRDA:129,4,4,0
BRDA:129,4,5,0
BRDA:129,4,6,0
BRDA:129,4,7,0
BRDA:129,4,8,0
BRDA:129,4,9,0
BRDA:165,5,0,0
BRDA:165,5,1,0
BRDA:170,6,0,0
BRDA:170,6,1,0
BRDA:198,7,0,0
BRDA:198,7,1,0
BRDA:210,8,0,0
BRDA:212,9,0,0
BRDA:212,9,1,0
BRDA:223,10,0,0
BRDA:223,10,1,0
BRDA:229,11,0,0
BRDA:229,11,1,0
BRDA:242,12,0,0
BRDA:242,12,1,0
BRDA:263,13,0,0
BRDA:275,14,0,0
BRDA:275,14,1,0
BRDA:293,15,0,0
BRDA:296,16,0,0
BRDA:311,17,0,0
BRDA:332,18,0,0
BRDA:334,19,0,0
BRDA:334,19,1,0
BRDA:365,20,0,0
BRDA:365,20,1,0
BRDA:380,21,0,0
BRDA:380,21,1,0
BRDA:380,22,0,0
BRDA:380,22,1,0
BRDA:389,23,0,0
BRDA:389,23,1,0
BRDA:390,24,0,0
BRDA:390,25,0,0
BRDA:390,25,1,0
BRDA:396,26,0,0
BRDA:400,27,0,0
BRDA:414,28,0,0
BRDA:414,28,1,0
BRDA:419,29,0,0
BRDA:423,30,0,0
BRDA:434,31,0,0
BRDA:434,31,1,0
BRDA:451,32,0,0
BRDA:451,32,1,0
BRDA:453,33,0,0
BRDA:453,33,1,0
BRDA:458,34,0,0
BRDA:458,35,0,0
BRDA:458,35,1,0
BRDA:464,36,0,0
BRDA:468,37,0,0
BRDA:482,38,0,0
BRDA:482,38,1,0
BRDA:483,39,0,0
BRDA:483,39,1,0
BRDA:486,40,0,0
BRDA:487,41,0,0
BRDA:488,42,0,0
BRDA:489,43,0,0
BRDA:490,44,0,0
BRDA:493,45,0,0
BRDA:493,45,1,0
BRDA:498,46,0,0
BRDA:498,47,0,0
BRDA:498,47,1,0
BRDA:503,48,0,0
BRDA:510,49,0,0
BRDA:510,49,1,0
BRDA:517,50,0,0
BRDA:517,50,1,0
BRDA:526,51,0,0
BRDA:526,52,0,0
BRDA:526,52,1,0
BRDA:531,53,0,0
BRDA:531,53,1,0
BRDA:536,54,0,0
BRDA:536,54,1,0
BRDA:546,55,0,0
BRF:93
BRH:0
end_of_record
TN:
SF:src/client/types.ts
FN:133,(anonymous_0)
FN:150,(anonymous_1)
FNF:2
FNH:0
FNDA:0,(anonymous_0)
FNDA:0,(anonymous_1)
DA:133,0
DA:135,0
DA:137,0
DA:139,0
DA:150,0
DA:152,0
DA:154,0
DA:156,0
DA:158,0
DA:160,0
DA:162,0
DA:164,0
DA:166,0
DA:243,0
LF:14
LH:0
BRDA:133,0,0,0
BRDA:133,0,1,0
BRDA:150,1,0,0
BRDA:150,1,1,0
BRF:4
BRH:0
end_of_record
TN:
SF:src/db/kuzu-client.ts
FN:29,generateHashId
FN:40,generateStepHashId
FN:47,generateChapterHashId
FN:115,escapeString
FN:123,escapeArray
FN:136,(anonymous_11)
FN:143,(anonymous_12)
FN:158,(anonymous_13)
FN:171,(anonymous_14)
FN:178,(anonymous_15)
FN:192,(anonymous_16)
FN:222,(anonymous_17)
FN:236,(anonymous_18)
FN:261,(anonymous_19)
FN:267,(anonymous_20)
FN:281,(anonymous_21)
FN:325,(anonymous_22)
FN:354,(anonymous_23)
FN:367,(anonymous_24)
FN:378,(anonymous_25)
FN:382,(anonymous_26)
FN:388,(anonymous_27)
FN:443,(anonymous_28)
FN:479,(anonymous_29)
FN:499,(anonymous_30)
FN:515,(anonymous_31)
FN:535,(anonymous_32)
FN:548,(anonymous_33)
FN:564,(anonymous_34)
FN:572,(anonymous_35)
FN:591,(anonymous_36)
FN:610,(anonymous_37)
FN:624,(anonymous_38)
FNF:33
FNH:0
FNDA:0,generateHashId
FNDA:0,generateStepHashId
FNDA:0,generateChapterHashId
FNDA:0,escapeString
FNDA:0,escapeArray
FNDA:0,(anonymous_11)
FNDA:0,(anonymous_12)
FNDA:0,(anonymous_13)
FNDA:0,(anonymous_14)
FNDA:0,(anonymous_15)
FNDA:0,(anonymous_16)
FNDA:0,(anonymous_17)
FNDA:0,(anonymous_18)
FNDA:0,(anonymous_19)
FNDA:0,(anonymous_20)
FNDA:0,(anonymous_21)
FNDA:0,(anonymous_22)
FNDA:0,(anonymous_23)
FNDA:0,(anonymous_24)
FNDA:0,(anonymous_25)
FNDA:0,(anonymous_26)
FNDA:0,(anonymous_27)
FNDA:0,(anonymous_28)
FNDA:0,(anonymous_29)
FNDA:0,(anonymous_30)
FNDA:0,(anonymous_31)
FNDA:0,(anonymous_32)
FNDA:0,(anonymous_33)
FNDA:0,(anonymous_34)
FNDA:0,(anonymous_35)
FNDA:0,(anonymous_36)
FNDA:0,(anonymous_37)
FNDA:0,(anonymous_38)
DA:10,3
DA:12,3
DA:14,3
DA:15,3
DA:16,3
DA:29,3
DA:30,0
DA:33,0
DA:40,3
DA:41,0
DA:47,3
DA:48,0
DA:116,0
DA:117,0
DA:124,0
DA:125,0
DA:131,3
DA:132,0
DA:133,0
DA:137,0
DA:145,0
DA:146,0
DA:147,0
DA:150,0
DA:151,0
DA:152,0
DA:159,0
DA:160,0
DA:162,0
DA:163,0
DA:164,0
DA:172,0
DA:179,0
DA:180,0
DA:182,0
DA:193,0
DA:194,0
DA:196,0
DA:215,0
DA:216,0
DA:223,0
DA:224,0
DA:227,0
DA:228,0
DA:230,0
DA:241,0
DA:242,0
DA:243,0
DA:245,0
DA:246,0
DA:247,0
DA:250,0
DA:251,0
DA:254,0
DA:255,0
DA:256,0
DA:259,0
DA:260,0
DA:261,0
DA:268,0
DA:269,0
DA:282,0
DA:283,0
DA:285,0
DA:303,0
DA:306,0
DA:307,0
DA:308,0
DA:313,0
DA:314,0
DA:315,0
DA:319,0
DA:326,0
DA:329,0
DA:332,0
DA:333,0
DA:335,0
DA:338,0
DA:343,0
DA:346,0
DA:351,0
DA:353,0
DA:354,0
DA:356,0
DA:357,0
DA:358,0
DA:359,0
DA:361,0
DA:366,0
DA:367,0
DA:368,0
DA:372,0
DA:379,0
DA:380,0
DA:381,0
DA:382,0
DA:389,0
DA:391,0
DA:394,0
DA:411,0
DA:412,0
DA:418,0
DA:426,0
DA:427,0
DA:428,0
DA:435,0
DA:444,0
DA:446,0
DA:449,0
DA:462,0
DA:469,0
DA:470,0
DA:471,0
DA:480,0
DA:482,0
DA:500,0
DA:501,0
DA:503,0
DA:509,0
DA:516,0
DA:517,0
DA:518,0
DA:519,0
DA:520,0
DA:525,0
DA:536,0
DA:537,0
DA:538,0
DA:549,0
DA:550,0
DA:551,0
DA:552,0
DA:553,0
DA:555,0
DA:558,0
DA:565,0
DA:573,0
DA:592,0
DA:611,0
DA:625,0
LF:140
LH:9
BRDA:116,0,0,0
BRDA:116,1,0,0
BRDA:116,1,1,0
BRDA:124,2,0,0
BRDA:124,3,0,0
BRDA:124,3,1,0
BRDA:146,4,0,0
BRDA:159,5,0,0
BRDA:162,6,0,0
BRDA:179,7,0,0
BRDA:199,8,0,0
BRDA:199,8,1,0
BRDA:201,9,0,0
BRDA:201,9,1,0
BRDA:202,10,0,0
BRDA:202,10,1,0
BRDA:203,11,0,0
BRDA:203,11,1,0
BRDA:205,12,0,0
BRDA:205,12,1,0
BRDA:206,13,0,0
BRDA:206,13,1,0
BRDA:207,14,0,0
BRDA:207,14,1,0
BRDA:208,15,0,0
BRDA:208,15,1,0
BRDA:209,16,0,0
BRDA:209,16,1,0
BRDA:210,17,0,0
BRDA:210,17,1,0
BRDA:211,18,0,0
BRDA:211,18,1,0
BRDA:216,19,0,0
BRDA:216,19,1,0
BRDA:216,20,0,0
BRDA:216,20,1,0
BRDA:228,21,0,0
BRDA:245,22,0,0
BRDA:250,23,0,0
BRDA:255,24,0,0
BRDA:288,25,0,0
BRDA:288,25,1,0
BRDA:290,26,0,0
BRDA:290,26,1,0
BRDA:291,27,0,0
BRDA:291,27,1,0
BRDA:292,28,0,0
BRDA:292,28,1,0
BRDA:293,29,0,0
BRDA:293,29,1,0
BRDA:294,30,0,0
BRDA:294,30,1,0
BRDA:295,31,0,0
BRDA:295,31,1,0
BRDA:296,32,0,0
BRDA:296,32,1,0
BRDA:298,33,0,0
BRDA:298,33,1,0
BRDA:299,34,0,0
BRDA:299,34,1,0
BRDA:306,35,0,0
BRDA:313,36,0,0
BRDA:319,37,0,0
BRDA:319,37,1,0
BRDA:319,38,0,0
BRDA:319,38,1,0
BRDA:333,39,0,0
BRDA:356,40,0,0
BRDA:399,41,0,0
BRDA:399,41,1,0
BRDA:401,42,0,0
BRDA:401,42,1,0
BRDA:402,43,0,0
BRDA:402,43,1,0
BRDA:403,44,0,0
BRDA:403,44,1,0
BRDA:404,45,0,0
BRDA:404,45,1,0
BRDA:405,46,0,0
BRDA:405,46,1,0
BRDA:406,47,0,0
BRDA:406,47,1,0
BRDA:411,48,0,0
BRDA:411,48,1,0
BRDA:426,49,0,0
BRDA:446,50,0,0
BRDA:446,50,1,0
BRDA:455,51,0,0
BRDA:455,51,1,0
BRDA:456,52,0,0
BRDA:456,52,1,0
BRDA:457,53,0,0
BRDA:457,53,1,0
BRDA:469,54,0,0
BRDA:501,55,0,0
BRDA:501,55,1,0
BRDA:584,56,0,0
BRDA:584,56,1,0
BRF:98
BRH:0
end_of_record
TN:
SF:src/db/kuzu-schema.ts
FN:212,initializeSchema
FN:240,dropAllTables
FN:263,getSchemaStats
FNF:3
FNH:0
FNDA:0,initializeSchema
FNDA:0,dropAllTables
FNDA:0,getSchemaStats
DA:19,3
DA:196,3
DA:212,3
DA:213,0
DA:216,0
DA:217,0
DA:218,0
DA:221,0
DA:226,0
DA:227,0
DA:228,0
DA:230,0
DA:234,0
DA:240,3
DA:241,0
DA:251,0
DA:252,0
DA:253,0
DA:255,0
DA:263,3
DA:264,0
DA:266,0
DA:268,0
DA:269,0
DA:270,0
DA:271,0
DA:272,0
DA:274,0
DA:278,0
LF:29
LH:5
BRDA:272,0,0,0
BRDA:272,0,1,0
BRF:2
BRH:0
end_of_record
TN:
SF:src/models/content-node.model.ts
FN:55,(anonymous_0)
FNF:1
FNH:1
FNDA:5,(anonymous_0)
DA:55,5
DA:57,5
DA:59,5
DA:61,5
DA:63,5
DA:65,5
DA:67,5
DA:69,5
DA:71,5
DA:73,5
DA:75,5
DA:77,5
DA:79,5
LF:13
LH:13
BRDA:55,0,0,5
BRDA:55,0,1,5
BRF:2
BRH:2
end_of_record
TN:
SF:src/models/holochain.model.ts
FNF:0
FNH:0
DA:289,1
DA:307,1
DA:319,1
DA:329,1
DA:345,1
LF:5
LH:5
BRF:0
BRH:0
end_of_record
TN:
SF:src/models/manifest.model.ts
FN:145,createEmptyManifest
FNF:1
FNH:1
FNDA:41,createEmptyManifest
DA:145,6
DA:146,41
LF:2
LH:2
BRF:0
BRH:0
end_of_record
TN:
SF:src/parsers/gherkin-parser.ts
FN:36,parseGherkin
FN:62,parseFeature
FN:160,parseScenario
FN:178,(anonymous_9)
FN:244,parseStep
FN:259,parseTags
FN:276,tagsToFrontmatter
FN:300,extractGherkinDescription
FN:309,(anonymous_14)
FN:324,extractGherkinTags
FNF:10
FNH:10
FNDA:44,parseGherkin
FNDA:44,parseFeature
FNDA:51,parseScenario
FNDA:7,(anonymous_9)
FNDA:233,parseStep
FNDA:17,parseTags
FNDA:44,tagsToFrontmatter
FNDA:5,extractGherkinDescription
FNDA:6,(anonymous_14)
FNDA:8,extractGherkinTags
DA:8,4
DA:36,4
DA:40,44
DA:41,44
DA:44,44
DA:47,44
DA:49,44
DA:63,44
DA:64,44
DA:65,44
DA:66,44
DA:68,44
DA:71,44
DA:72,56
DA:74,56
DA:75,1
DA:76,1
DA:79,55
DA:81,12
DA:82,12
DA:83,12
DA:84,12
DA:87,43
DA:91,44
DA:92,44
DA:93,42
DA:94,42
DA:97,42
DA:98,94
DA:99,94
DA:103,40
DA:105,54
DA:106,10
DA:108,54
DA:113,44
DA:114,2
DA:115,2
DA:117,2
DA:118,8
DA:119,8
DA:122,2
DA:125,6
DA:126,6
DA:127,4
DA:129,6
DA:132,2
DA:133,2
DA:138,44
DA:139,51
DA:140,51
DA:141,48
DA:142,48
DA:144,3
DA:148,44
DA:164,51
DA:165,51
DA:168,51
DA:169,56
DA:171,56
DA:172,0
DA:173,0
DA:176,56
DA:177,5
DA:178,7
DA:179,5
DA:180,5
DA:183,51
DA:187,51
DA:188,51
DA:189,3
DA:192,48
DA:193,48
DA:194,48
DA:197,48
DA:199,48
DA:200,236
DA:203,236
DA:207,9
DA:210,227
DA:211,227
DA:212,214
DA:214,227
DA:218,48
DA:219,1
DA:220,4
DA:221,4
DA:224,0
DA:226,4
DA:230,48
DA:245,233
DA:246,233
DA:247,15
DA:250,218
DA:260,17
DA:261,17
DA:263,17
DA:264,32
DA:270,17
DA:277,44
DA:278,44
DA:280,44
DA:281,25
DA:283,11
DA:286,14
DA:290,44
DA:291,7
DA:294,44
DA:300,4
DA:302,5
DA:303,1
DA:307,4
DA:308,3
DA:309,6
DA:311,3
DA:312,2
DA:315,1
DA:318,1
DA:324,4
DA:325,8
DA:328,8
DA:329,3
DA:330,5
DA:331,5
DA:337,8
DA:338,5
DA:339,2
DA:340,2
DA:345,8
DA:346,7
DA:349,8
DA:350,8
DA:354,8
DA:356,8
LF:133
LH:130
BRDA:74,0,0,1
BRDA:79,1,0,12
BRDA:91,2,0,44
BRDA:91,2,1,1
BRDA:92,3,0,42
BRDA:99,4,0,40
BRDA:99,5,0,94
BRDA:99,5,1,92
BRDA:99,5,2,58
BRDA:99,5,3,57
BRDA:105,6,0,10
BRDA:113,7,0,2
BRDA:119,8,0,2
BRDA:119,9,0,8
BRDA:119,9,1,7
BRDA:119,9,2,7
BRDA:126,10,0,4
BRDA:132,11,0,2
BRDA:140,12,0,48
BRDA:140,12,1,3
BRDA:171,13,0,0
BRDA:176,14,0,5
BRDA:178,15,0,1
BRDA:178,15,1,6
BRDA:187,16,0,51
BRDA:187,16,1,0
BRDA:188,17,0,3
BRDA:192,18,0,1
BRDA:192,18,1,47
BRDA:203,19,0,9
BRDA:203,20,0,236
BRDA:203,20,1,229
BRDA:203,20,2,229
BRDA:203,20,3,228
BRDA:203,20,4,1
BRDA:211,21,0,214
BRDA:218,22,0,1
BRDA:218,23,0,48
BRDA:218,23,1,1
BRDA:221,24,0,0
BRDA:221,25,0,4
BRDA:221,25,1,4
BRDA:221,25,2,4
BRDA:246,26,0,15
BRDA:281,27,0,11
BRDA:281,27,1,14
BRDA:290,28,0,7
BRDA:302,29,0,1
BRDA:302,30,0,5
BRDA:302,30,1,1
BRDA:307,31,0,3
BRDA:307,32,0,4
BRDA:307,32,1,4
BRDA:311,33,0,2
BRDA:328,34,0,3
BRDA:330,35,0,5
BRDA:338,36,0,2
BRDA:338,37,0,5
BRDA:338,37,1,2
BRDA:345,38,0,7
BRDA:345,39,0,8
BRDA:345,39,1,8
BRDA:349,40,0,8
BRF:63
BRH:60
end_of_record
TN:
SF:src/parsers/markdown-parser.ts
FN:16,parseMarkdown
FN:51,extractFrontmatter
FN:94,extractTitle
FN:132,generateTitleFromPath
FN:157,formatUserType
FN:160,(anonymous_11)
FN:167,formatEpic
FN:170,(anonymous_13)
FN:177,formatBaseName
FN:181,(anonymous_15)
FN:188,extractSections
FN:236,generateAnchor
FN:248,extractDescription
FN:283,truncate
FN:291,extractTags
FN:338,extractRelatedUsers
FN:356,extractGovernanceScope
FN:358,(anonymous_23)
FNF:18
FNH:18
FNDA:52,parseMarkdown
FNDA:52,extractFrontmatter
FNDA:52,extractTitle
FNDA:4,generateTitleFromPath
FNDA:3,formatUserType
FNDA:6,(anonymous_11)
FNDA:4,formatEpic
FNDA:4,(anonymous_13)
FNDA:3,formatBaseName
FNDA:5,(anonymous_15)
FNDA:52,extractSections
FNDA:56,generateAnchor
FNDA:8,extractDescription
FNDA:8,truncate
FNDA:9,extractTags
FNDA:4,extractRelatedUsers
FNDA:8,extractGovernanceScope
FNDA:10,(anonymous_23)
DA:8,5
DA:9,5
DA:16,5
DA:20,52
DA:23,52
DA:26,52
DA:27,52
DA:30,52
DA:33,52
DA:36,52
DA:38,52
DA:54,52
DA:55,27
DA:59,25
DA:60,25
DA:61,86
DA:62,23
DA:63,23
DA:67,25
DA:68,2
DA:72,23
DA:73,23
DA:75,23
DA:76,23
DA:77,22
DA:78,22
DA:82,1
DA:85,23
DA:100,52
DA:101,8
DA:105,44
DA:106,0
DA:110,44
DA:111,83
DA:112,83
DA:113,36
DA:118,8
DA:119,10
DA:120,10
DA:121,4
DA:126,4
DA:133,4
DA:135,4
DA:136,3
DA:139,4
DA:140,4
DA:143,4
DA:144,3
DA:147,4
DA:148,0
DA:151,4
DA:158,3
DA:160,6
DA:168,4
DA:170,4
DA:178,3
DA:181,5
DA:189,52
DA:190,52
DA:191,52
DA:193,52
DA:194,155
DA:196,155
DA:197,56
DA:198,56
DA:199,56
DA:201,56
DA:210,56
DA:211,4
DA:214,56
DA:216,10
DA:219,46
DA:222,56
DA:223,56
DA:224,99
DA:226,61
DA:230,52
DA:237,56
DA:248,5
DA:250,8
DA:251,4
DA:255,4
DA:256,1
DA:260,3
DA:261,2
DA:262,2
DA:263,2
DA:264,2
DA:269,1
DA:270,1
DA:271,2
DA:272,2
DA:273,1
DA:277,0
DA:284,8
DA:285,2
DA:291,5
DA:292,9
DA:295,9
DA:296,4
DA:297,9
DA:298,7
DA:304,9
DA:305,2
DA:309,9
DA:310,1
DA:314,9
DA:315,8
DA:318,9
DA:319,9
DA:322,9
DA:323,9
DA:327,9
DA:328,9
DA:329,3
DA:332,9
DA:338,5
DA:339,4
DA:341,4
DA:342,3
DA:343,8
DA:345,6
DA:350,4
DA:356,5
DA:357,8
DA:358,10
DA:360,3
LF:127
LH:124
BRDA:54,0,0,27
BRDA:61,1,0,23
BRDA:67,2,0,2
BRDA:77,3,0,22
BRDA:77,4,0,22
BRDA:77,4,1,22
BRDA:100,5,0,8
BRDA:100,6,0,52
BRDA:100,6,1,8
BRDA:105,7,0,0
BRDA:105,8,0,44
BRDA:105,8,1,0
BRDA:112,9,0,36
BRDA:120,10,0,4
BRDA:135,11,0,3
BRDA:139,12,0,4
BRDA:139,13,0,4
BRDA:139,13,1,4
BRDA:143,14,0,3
BRDA:143,15,0,4
BRDA:143,15,1,4
BRDA:147,16,0,0
BRDA:148,17,0,0
BRDA:148,17,1,0
BRDA:196,18,0,56
BRDA:196,18,1,99
BRDA:210,19,0,60
BRDA:210,19,1,14
BRDA:214,20,0,10
BRDA:214,20,1,46
BRDA:224,21,0,61
BRDA:248,22,0,7
BRDA:250,23,0,4
BRDA:250,24,0,8
BRDA:250,24,1,4
BRDA:255,25,0,1
BRDA:255,26,0,4
BRDA:255,26,1,1
BRDA:260,27,0,2
BRDA:260,28,0,3
BRDA:260,28,1,3
BRDA:263,29,0,2
BRDA:272,30,0,1
BRDA:272,31,0,2
BRDA:272,31,1,2
BRDA:272,31,2,2
BRDA:284,32,0,6
BRDA:295,33,0,4
BRDA:297,34,0,7
BRDA:304,35,0,2
BRDA:304,36,0,9
BRDA:304,36,1,2
BRDA:309,37,0,1
BRDA:309,38,0,9
BRDA:309,38,1,1
BRDA:314,39,0,8
BRDA:314,40,0,9
BRDA:314,40,1,9
BRDA:318,41,0,9
BRDA:322,42,0,9
BRDA:341,43,0,3
BRDA:343,44,0,6
BRDA:357,45,0,5
BRF:63
BRH:58
end_of_record
TN:
SF:src/parsers/path-metadata-parser.ts
FN:83,parsePathMetadata
FN:102,(anonymous_7)
FN:153,determineContentCategory
FN:165,(anonymous_9)
FN:232,generateSuggestedId
FN:287,isProcessableFile
FN:295,filterProcessableFiles
FN:302,isSourceContent
FNF:8
FNH:8
FNDA:40,parsePathMetadata
FNDA:142,(anonymous_7)
FNDA:40,determineContentCategory
FNDA:108,(anonymous_9)
FNDA:40,generateSuggestedId
FNDA:28,isProcessableFile
FNDA:4,filterProcessableFiles
FNDA:4,isSourceContent
DA:23,4
DA:36,4
DA:49,4
DA:64,4
DA:83,4
DA:87,40
DA:90,40
DA:91,40
DA:94,40
DA:97,40
DA:98,5
DA:102,142
DA:105,40
DA:106,40
DA:107,40
DA:110,40
DA:128,40
DA:130,40
DA:133,40
DA:135,36
DA:136,36
DA:142,40
DA:145,40
DA:147,40
DA:154,40
DA:155,40
DA:158,40
DA:159,10
DA:160,10
DA:161,10
DA:165,108
DA:166,30
DA:167,5
DA:168,5
DA:171,5
DA:172,5
DA:173,3
DA:175,5
DA:179,25
DA:180,81
DA:181,5
DA:182,5
DA:183,5
DA:186,5
DA:187,5
DA:188,1
DA:189,1
DA:190,1
DA:193,5
DA:198,20
DA:200,4
DA:201,3
DA:202,3
DA:204,3
DA:205,3
DA:210,17
DA:211,2
DA:212,2
DA:216,15
DA:217,15
DA:220,15
DA:221,5
DA:222,5
DA:223,5
DA:237,40
DA:240,40
DA:241,1
DA:245,40
DA:248,40
DA:250,11
DA:251,11
DA:255,40
DA:256,36
DA:260,40
DA:261,12
DA:265,40
DA:266,40
DA:267,26
DA:271,40
DA:273,40
DA:274,39
DA:281,40
DA:287,4
DA:288,28
DA:289,28
DA:295,4
DA:296,4
DA:302,4
DA:304,4
LF:89
LH:89
BRDA:87,0,0,0
BRDA:87,1,0,1
BRDA:97,2,0,5
BRDA:105,3,0,40
BRDA:105,3,1,0
BRDA:128,4,0,40
BRDA:133,5,0,36
BRDA:136,6,0,28
BRDA:136,6,1,8
BRDA:154,7,0,40
BRDA:154,7,1,0
BRDA:158,8,0,10
BRDA:158,9,0,40
BRDA:158,9,1,10
BRDA:166,10,0,5
BRDA:166,11,0,30
BRDA:166,11,1,26
BRDA:172,12,0,3
BRDA:180,13,0,5
BRDA:187,14,0,1
BRDA:189,15,0,1
BRDA:189,16,0,1
BRDA:189,16,1,1
BRDA:198,17,0,4
BRDA:198,18,0,20
BRDA:198,18,1,4
BRDA:200,19,0,3
BRDA:210,20,0,2
BRDA:210,21,0,17
BRDA:210,21,1,16
BRDA:216,22,0,15
BRDA:220,23,0,5
BRDA:222,24,0,5
BRDA:222,25,0,5
BRDA:222,25,1,5
BRDA:240,26,0,1
BRDA:248,27,0,29
BRDA:248,27,1,11
BRDA:250,28,0,11
BRDA:255,29,0,36
BRDA:255,30,0,40
BRDA:255,30,1,40
BRDA:260,31,0,12
BRDA:266,32,0,26
BRDA:273,33,0,39
BRDA:289,34,0,28
BRDA:289,34,1,20
BRDA:304,35,0,4
BRDA:304,35,1,3
BRDA:304,35,2,2
BRF:50
BRH:47
end_of_record
TN:
SF:src/services/holochain-client.service.ts
FN:55,(anonymous_0)
FN:69,(anonymous_1)
FN:88,(anonymous_2)
FN:161,(anonymous_3)
FN:187,(anonymous_4)
FN:200,(anonymous_5)
FN:227,(anonymous_6)
FN:234,(anonymous_7)
FN:241,(anonymous_8)
FN:248,(anonymous_9)
FN:267,(anonymous_10)
FN:287,createElohimClient
FNF:12
FNH:0
FNDA:0,(anonymous_0)
FNDA:0,(anonymous_1)
FNDA:0,(anonymous_2)
FNDA:0,(anonymous_3)
FNDA:0,(anonymous_4)
FNDA:0,(anonymous_5)
FNDA:0,(anonymous_6)
FNDA:0,(anonymous_7)
FNDA:0,(anonymous_8)
FNDA:0,(anonymous_9)
FNDA:0,(anonymous_10)
FNDA:0,createElohimClient
DA:11,1
DA:47,0
DA:48,0
DA:49,0
DA:50,0
DA:51,0
DA:53,0
DA:56,0
DA:70,0
DA:71,0
DA:74,0
DA:75,0
DA:78,0
DA:83,0
DA:84,0
DA:87,0
DA:88,0
DA:90,0
DA:91,0
DA:92,0
DA:95,0
DA:96,0
DA:103,0
DA:104,0
DA:106,0
DA:113,0
DA:114,0
DA:115,0
DA:118,0
DA:121,0
DA:134,0
DA:137,0
DA:138,0
DA:142,0
DA:147,0
DA:148,0
DA:150,0
DA:151,0
DA:162,0
DA:163,0
DA:166,0
DA:167,0
DA:174,0
DA:176,0
DA:177,0
DA:188,0
DA:189,0
DA:190,0
DA:192,0
DA:193,0
DA:201,0
DA:202,0
DA:203,0
DA:207,0
DA:210,0
DA:211,0
DA:212,0
DA:216,0
DA:219,0
DA:220,0
DA:221,0
DA:228,0
DA:235,0
DA:242,0
DA:249,0
DA:250,0
DA:252,0
DA:257,0
DA:259,0
DA:268,0
DA:269,0
DA:270,0
DA:271,0
DA:272,0
DA:273,0
DA:277,0
DA:287,0
DA:291,0
LF:78
LH:1
BRDA:70,0,0,0
BRDA:90,1,0,0
BRDA:91,2,0,0
BRDA:91,2,1,0
BRDA:114,3,0,0
BRDA:162,4,0,0
BRDA:162,5,0,0
BRDA:162,5,1,0
BRDA:176,6,0,0
BRDA:176,6,1,0
BRDA:192,7,0,0
BRDA:192,7,1,0
BRDA:201,8,0,0
BRDA:210,9,0,0
BRDA:272,10,0,0
BRDA:288,11,0,0
BRF:16
BRH:0
end_of_record
TN:
SF:src/services/holochain-import.service.ts
FN:44,(anonymous_0)
FN:61,(anonymous_1)
FN:80,(anonymous_2)
FN:123,(anonymous_3)
FN:142,(anonymous_4)
FN:182,(anonymous_5)
FN:204,(anonymous_6)
FN:222,(anonymous_7)
FN:232,(anonymous_8)
FN:257,createElohimImportService
FNF:10
FNH:0
FNDA:0,(anonymous_0)
FNDA:0,(anonymous_1)
FNDA:0,(anonymous_2)
FNDA:0,(anonymous_3)
FNDA:0,(anonymous_4)
FNDA:0,(anonymous_5)
FNDA:0,(anonymous_6)
FNDA:0,(anonymous_7)
FNDA:0,(anonymous_8)
FNDA:0,createElohimImportService
DA:21,1
DA:40,0
DA:45,0
DA:46,0
DA:62,0
DA:63,0
DA:64,0
DA:65,0
DA:67,0
DA:68,0
DA:71,0
DA:72,0
DA:74,0
DA:75,0
DA:76,0
DA:78,0
DA:80,0
DA:82,0
DA:83,0
DA:92,0
DA:94,0
DA:95,0
DA:98,0
DA:100,0
DA:101,0
DA:102,0
DA:106,0
DA:114,0
DA:124,0
DA:125,0
DA:126,0
DA:132,0
DA:143,0
DA:144,0
DA:146,0
DA:147,0
DA:149,0
DA:150,0
DA:151,0
DA:157,0
DA:158,0
DA:160,0
DA:163,0
DA:164,0
DA:165,0
DA:169,0
DA:171,0
DA:186,0
DA:187,0
DA:188,0
DA:194,0
DA:205,0
DA:206,0
DA:207,0
DA:213,0
DA:223,0
DA:233,0
DA:257,0
DA:262,0
LF:59
LH:1
BRDA:94,0,0,0
BRDA:100,1,0,0
BRDA:100,1,1,0
BRDA:157,2,0,0
BRDA:157,2,1,0
BRDA:163,3,0,0
BRDA:163,3,1,0
BRDA:184,4,0,0
BRDA:239,5,0,0
BRDA:239,5,1,0
BRDA:241,6,0,0
BRDA:241,6,1,0
BRDA:242,7,0,0
BRDA:242,7,1,0
BRDA:243,8,0,0
BRDA:243,8,1,0
BRDA:244,9,0,0
BRDA:244,9,1,0
BRDA:245,10,0,0
BRDA:245,10,1,0
BRDA:258,11,0,0
BRDA:259,12,0,0
BRF:22
BRH:0
end_of_record
TN:
SF:src/services/human.service.ts
FN:158,createHuman
FN:223,normalizeHumanId
FN:230,createRelationship
FN:253,loadHumansData
FN:269,saveHumansData
FN:277,addHumanToFile
FN:281,(anonymous_12)
FN:292,addRelationshipToFile
FN:296,(anonymous_14)
FN:306,(anonymous_15)
FN:321,humanToContentNode
FN:335,(anonymous_17)
FN:356,humanRelationshipToContentRelationship
FN:381,importHumansToLamad
FN:439,(anonymous_20)
FN:454,listRelationshipTypes
FN:455,(anonymous_22)
FN:465,listHumanCategories
FNF:18
FNH:18
FNDA:36,createHuman
FNDA:35,normalizeHumanId
FNDA:16,createRelationship
FNDA:22,loadHumansData
FNDA:16,saveHumansData
FNDA:5,addHumanToFile
FNDA:2,(anonymous_12)
FNDA:7,addRelationshipToFile
FNDA:14,(anonymous_14)
FNDA:2,(anonymous_15)
FNDA:10,humanToContentNode
FNDA:1,(anonymous_17)
FNDA:5,humanRelationshipToContentRelationship
FNDA:3,importHumansToLamad
FNDA:1,(anonymous_20)
FNDA:3,listRelationshipTypes
FNDA:66,(anonymous_22)
FNDA:2,listHumanCategories
DA:8,1
DA:9,1
DA:10,1
DA:53,1
DA:158,1
DA:173,36
DA:175,36
DA:185,36
DA:186,2
DA:192,36
DA:193,2
DA:196,36
DA:197,2
DA:200,36
DA:201,1
DA:204,36
DA:205,3
DA:206,3
DA:209,36
DA:210,2
DA:213,36
DA:214,1
DA:217,36
DA:223,1
DA:224,35
DA:230,1
DA:237,16
DA:239,16
DA:253,1
DA:254,22
DA:255,4
DA:258,18
DA:259,18
DA:261,1
DA:262,1
DA:269,1
DA:270,16
DA:271,16
DA:277,1
DA:278,5
DA:281,5
DA:282,1
DA:285,4
DA:286,4
DA:292,1
DA:293,7
DA:296,14
DA:297,7
DA:298,1
DA:300,6
DA:301,1
DA:305,5
DA:306,2
DA:310,5
DA:311,1
DA:314,4
DA:315,4
DA:321,1
DA:322,10
DA:324,10
DA:335,1
DA:356,1
DA:359,5
DA:381,1
DA:385,3
DA:391,3
DA:392,3
DA:393,3
DA:396,3
DA:397,3
DA:399,3
DA:400,2
DA:404,3
DA:405,5
DA:406,5
DA:407,5
DA:408,5
DA:409,5
DA:411,0
DA:416,3
DA:417,3
DA:418,2
DA:419,2
DA:420,2
DA:422,0
DA:427,3
DA:428,3
DA:429,3
DA:430,1
DA:431,1
DA:433,0
DA:434,0
DA:439,3
DA:440,3
DA:441,2
DA:442,2
DA:446,3
DA:448,3
DA:454,1
DA:455,66
DA:465,1
DA:466,2
LF:102
LH:98
BRDA:176,0,0,1
BRDA:176,0,1,35
BRDA:180,1,0,36
BRDA:180,1,1,35
BRDA:185,2,0,2
BRDA:192,3,0,2
BRDA:192,4,0,36
BRDA:192,4,1,2
BRDA:196,5,0,2
BRDA:196,6,0,36
BRDA:196,6,1,2
BRDA:200,7,0,1
BRDA:200,8,0,36
BRDA:200,8,1,1
BRDA:204,9,0,3
BRDA:206,10,0,3
BRDA:206,10,1,1
BRDA:209,11,0,2
BRDA:213,12,0,1
BRDA:224,13,0,2
BRDA:224,13,1,33
BRDA:237,14,0,16
BRDA:237,14,1,1
BRDA:243,15,0,16
BRDA:243,15,1,15
BRDA:254,16,0,4
BRDA:281,17,0,1
BRDA:297,18,0,1
BRDA:300,19,0,1
BRDA:306,20,0,2
BRDA:306,20,1,2
BRDA:306,20,2,2
BRDA:310,21,0,1
BRDA:334,22,0,10
BRDA:334,22,1,9
BRDA:335,23,0,10
BRDA:335,23,1,9
BRDA:338,24,0,10
BRDA:338,24,1,9
BRDA:339,25,0,10
BRDA:339,25,1,9
BRDA:348,26,0,10
BRDA:348,26,1,1
BRDA:349,27,0,10
BRDA:349,27,1,1
BRDA:396,28,0,3
BRDA:399,29,0,2
BRDA:429,30,0,1
BRDA:441,31,0,2
BRF:49
BRH:49
end_of_record
TN:
SF:src/services/import-pipeline.service.ts
FN:61,runImportPipeline
FN:119,(anonymous_7)
FN:136,(anonymous_8)
FN:205,(anonymous_9)
FN:208,(anonymous_10)
FN:253,createImportContext
FN:286,scanSourceFiles
FN:306,processFile
FN:366,loadExistingNodes
FN:382,(anonymous_15)
FN:391,mergeNodes
FN:410,writeToKuzu
FN:423,(anonymous_18)
FN:457,generateSummary
FN:505,importContent
FNF:15
FNH:12
FNDA:9,runImportPipeline
FNDA:0,(anonymous_7)
FNDA:0,(anonymous_8)
FNDA:9,(anonymous_9)
FNDA:9,(anonymous_10)
FNDA:9,createImportContext
FNDA:9,scanSourceFiles
FNDA:12,processFile
FNDA:4,loadExistingNodes
FNDA:1,(anonymous_15)
FNDA:9,mergeNodes
FNDA:5,writeToKuzu
FNDA:1,(anonymous_18)
FNDA:0,generateSummary
FNDA:2,importContent
DA:12,3
DA:13,3
DA:14,3
DA:26,3
DA:27,3
DA:28,3
DA:30,3
DA:43,3
DA:44,3
DA:56,3
DA:61,3
DA:64,9
DA:65,9
DA:67,9
DA:68,9
DA:69,9
DA:71,9
DA:73,9
DA:74,9
DA:75,9
DA:76,9
DA:79,9
DA:80,9
DA:81,16
DA:86,9
DA:88,9
DA:89,4
DA:90,4
DA:91,4
DA:93,4
DA:95,5
DA:96,5
DA:100,9
DA:101,1
DA:102,1
DA:103,1
DA:108,9
DA:109,9
DA:111,9
DA:112,12
DA:113,12
DA:114,12
DA:117,0
DA:118,0
DA:119,0
DA:120,0
DA:122,0
DA:123,0
DA:133,0
DA:136,0
DA:140,12
DA:141,12
DA:142,12
DA:153,9
DA:154,9
DA:155,4
DA:159,9
DA:160,9
DA:163,9
DA:164,9
DA:166,9
DA:167,8
DA:168,8
DA:175,8
DA:176,8
DA:177,8
DA:179,1
DA:183,9
DA:184,9
DA:185,8
DA:186,3
DA:188,5
DA:191,5
DA:192,3
DA:193,3
DA:198,6
DA:199,6
DA:201,6
DA:205,9
DA:208,9
DA:216,6
DA:217,6
DA:218,6
DA:219,6
DA:221,6
DA:224,3
DA:225,3
DA:227,3
DA:254,9
DA:258,9
DA:287,9
DA:292,9
DA:294,9
DA:295,18
DA:296,18
DA:300,9
DA:311,12
DA:314,12
DA:317,12
DA:321,11
DA:322,0
DA:324,11
DA:328,11
DA:332,11
DA:333,0
DA:334,0
DA:335,0
DA:336,0
DA:340,0
DA:341,0
DA:342,0
DA:343,0
DA:344,0
DA:345,0
DA:346,0
DA:347,0
DA:348,0
DA:349,0
DA:350,0
DA:351,0
DA:352,0
DA:354,0
DA:355,0
DA:356,0
DA:357,0
DA:360,0
DA:370,4
DA:372,4
DA:373,3
DA:376,1
DA:377,1
DA:378,1
DA:381,1
DA:382,1
DA:384,0
DA:392,9
DA:395,9
DA:396,1
DA:400,9
DA:401,0
DA:404,9
DA:415,5
DA:417,5
DA:418,5
DA:420,5
DA:422,5
DA:423,5
DA:424,1
DA:425,0
DA:427,1
DA:428,1
DA:431,5
DA:434,5
DA:435,5
DA:438,5
DA:439,5
DA:442,5
DA:443,5
DA:444,5
DA:445,5
DA:446,4
DA:450,5
DA:462,0
DA:463,0
DA:464,0
DA:468,0
DA:469,0
DA:470,0
DA:474,0
DA:475,0
DA:476,0
DA:477,0
DA:482,0
DA:483,0
DA:484,0
DA:485,0
DA:489,0
DA:505,3
DA:510,2
LF:179
LH:130
BRDA:88,0,0,4
BRDA:88,0,1,5
BRDA:88,1,0,9
BRDA:88,1,1,4
BRDA:101,2,0,1
BRDA:117,3,0,0
BRDA:154,4,0,4
BRDA:166,5,0,8
BRDA:166,5,1,1
BRDA:184,6,0,8
BRDA:185,7,0,3
BRDA:191,8,0,3
BRDA:254,9,0,4
BRDA:254,9,1,5
BRDA:321,10,0,0
BRDA:321,10,1,11
BRDA:332,11,0,0
BRDA:340,12,0,0
BRDA:340,12,1,0
BRDA:344,13,0,0
BRDA:344,13,1,0
BRDA:348,14,0,0
BRDA:348,14,1,0
BRDA:354,15,0,0
BRDA:372,16,0,3
BRDA:382,17,0,1
BRDA:382,17,1,1
BRDA:424,18,0,0
BRDA:445,19,0,4
BRDA:464,20,0,0
BRDA:464,20,1,0
BRDA:470,21,0,0
BRDA:470,21,1,0
BRDA:476,22,0,0
BRDA:484,23,0,0
BRDA:508,24,0,0
BRDA:511,25,0,1
BRDA:511,25,1,1
BRF:38
BRH:20
end_of_record
TN:
SF:src/services/manifest.service.ts
FN:29,loadManifest
FN:48,saveManifest
FN:64,calculateFileHash
FN:72,calculateNodeHash
FN:84,hasSourceChanged
FN:102,updateSourceHash
FN:119,updateNodeHash
FN:138,getStaleNodes
FN:159,getNewOrChangedSources
FN:177,getRemovedSources
FN:195,removeSource
FN:226,addMigration
FN:249,needsMigration
FN:256,getMigrationPath
FN:279,getImportStats
FN:298,validateManifest
FNF:16
FNH:12
FNDA:3,loadManifest
FNDA:2,saveManifest
FNDA:5,calculateFileHash
FNDA:4,calculateNodeHash
FNDA:6,hasSourceChanged
FNDA:2,updateSourceHash
FNDA:3,updateNodeHash
FNDA:0,getStaleNodes
FNDA:3,getNewOrChangedSources
FNDA:2,getRemovedSources
FNDA:3,removeSource
FNDA:0,addMigration
FNDA:0,needsMigration
FNDA:0,getMigrationPath
FNDA:1,getImportStats
FNDA:4,validateManifest
DA:11,4
DA:12,4
DA:13,4
DA:14,4
DA:23,4
DA:24,4
DA:29,4
DA:30,3
DA:32,3
DA:33,1
DA:36,2
DA:37,2
DA:38,2
DA:40,1
DA:41,1
DA:48,4
DA:49,2
DA:52,2
DA:53,1
DA:56,2
DA:57,2
DA:58,2
DA:64,4
DA:65,5
DA:66,5
DA:72,4
DA:73,4
DA:78,4
DA:84,4
DA:89,6
DA:91,6
DA:93,2
DA:96,4
DA:102,4
DA:108,2
DA:113,2
DA:119,4
DA:126,3
DA:132,3
DA:138,4
DA:142,0
DA:144,0
DA:145,0
DA:148,0
DA:149,0
DA:153,0
DA:159,4
DA:163,3
DA:165,3
DA:166,3
DA:167,2
DA:171,3
DA:177,4
DA:181,2
DA:183,2
DA:184,3
DA:185,1
DA:189,2
DA:195,4
DA:199,3
DA:201,3
DA:202,1
DA:206,2
DA:209,2
DA:212,2
DA:213,4
DA:217,2
DA:218,2
DA:220,2
DA:226,4
DA:233,0
DA:242,0
DA:243,0
DA:249,4
DA:250,0
DA:256,4
DA:261,0
DA:262,0
DA:263,0
DA:265,0
DA:266,0
DA:269,0
DA:270,0
DA:273,0
DA:279,4
DA:286,1
DA:298,4
DA:302,4
DA:305,4
DA:306,0
DA:310,4
DA:311,4
DA:312,3
DA:313,2
DA:317,4
DA:318,4
DA:319,2
DA:324,4
DA:325,2
DA:326,0
DA:330,4
LF:101
LH:81
BRDA:32,0,0,1
BRDA:52,1,0,1
BRDA:91,2,0,2
BRDA:148,3,0,0
BRDA:148,4,0,0
BRDA:148,4,1,0
BRDA:166,5,0,2
BRDA:184,6,0,1
BRDA:201,7,0,1
BRDA:258,8,0,0
BRDA:265,9,0,0
BRDA:265,10,0,0
BRDA:265,10,1,0
BRDA:269,11,0,0
BRDA:305,12,0,0
BRDA:318,13,0,2
BRDA:325,14,0,0
BRF:17
BRH:7
end_of_record
TN:
SF:src/services/relationship-extractor.service.ts
FN:54,generateRelationshipId
FN:61,extractRelationships
FN:90,extractNodeRelationships
FN:155,extractPathRelationships
FN:223,extractTagRelationships
FN:241,(anonymous_5)
FN:253,(anonymous_6)
FN:256,(anonymous_7)
FN:285,extractContentRelationships
FN:334,determineRelationshipType
FN:362,deduplicateRelationships
FN:386,limitRelationshipsPerNode
FN:403,(anonymous_12)
FN:424,buildRelationshipGraph
FN:447,findConnectedComponents
FN:453,dfs
FNF:16
FNH:0
FNDA:0,generateRelationshipId
FNDA:0,extractRelationships
FNDA:0,extractNodeRelationships
FNDA:0,extractPathRelationships
FNDA:0,extractTagRelationships
FNDA:0,(anonymous_5)
FNDA:0,(anonymous_6)
FNDA:0,(anonymous_7)
FNDA:0,extractContentRelationships
FNDA:0,determineRelationshipType
FNDA:0,deduplicateRelationships
FNDA:0,limitRelationshipsPerNode
FNDA:0,(anonymous_12)
FNDA:0,buildRelationshipGraph
FNDA:0,findConnectedComponents
FNDA:0,dfs
DA:12,3
DA:44,3
DA:52,3
DA:55,0
DA:61,3
DA:65,0
DA:66,0
DA:67,0
DA:70,0
DA:71,0
DA:75,0
DA:76,0
DA:77,0
DA:81,0
DA:84,0
DA:95,0
DA:98,0
DA:99,0
DA:100,0
DA:114,0
DA:115,0
DA:116,0
DA:117,0
DA:131,0
DA:132,0
DA:133,0
DA:137,0
DA:138,0
DA:139,0
DA:143,0
DA:144,0
DA:145,0
DA:148,0
DA:159,0
DA:162,0
DA:163,0
DA:166,0
DA:167,0
DA:170,0
DA:171,0
DA:174,0
DA:175,0
DA:178,0
DA:180,0
DA:181,0
DA:184,0
DA:186,0
DA:187,0
DA:190,0
DA:191,0
DA:192,0
DA:196,0
DA:197,0
DA:198,0
DA:202,0
DA:203,0
DA:216,0
DA:227,0
DA:230,0
DA:231,0
DA:234,0
DA:235,0
DA:238,0
DA:241,0
DA:242,0
DA:244,0
DA:245,0
DA:248,0
DA:250,0
DA:251,0
DA:253,0
DA:254,0
DA:256,0
DA:259,0
DA:261,0
DA:262,0
DA:265,0
DA:266,0
DA:279,0
DA:289,0
DA:290,0
DA:292,0
DA:294,0
DA:295,0
DA:298,0
DA:299,0
DA:300,0
DA:310,0
DA:314,0
DA:315,0
DA:328,0
DA:336,0
DA:337,0
DA:341,0
DA:342,0
DA:346,0
DA:347,0
DA:351,0
DA:352,0
DA:356,0
DA:366,0
DA:368,0
DA:369,0
DA:372,0
DA:373,0
DA:375,0
DA:376,0
DA:380,0
DA:390,0
DA:393,0
DA:394,0
DA:395,0
DA:396,0
DA:400,0
DA:402,0
DA:403,0
DA:404,0
DA:406,0
DA:407,0
DA:418,0
DA:424,3
DA:428,0
DA:431,0
DA:432,0
DA:436,0
DA:437,0
DA:438,0
DA:441,0
DA:447,3
DA:450,0
DA:451,0
DA:454,0
DA:455,0
DA:457,0
DA:458,0
DA:459,0
DA:460,0
DA:465,0
DA:466,0
DA:467,0
DA:468,0
DA:469,0
DA:473,0
LF:143
LH:6
BRDA:63,0,0,0
BRDA:81,1,0,0
BRDA:81,1,1,0
BRDA:84,2,0,0
BRDA:84,2,1,0
BRDA:98,3,0,0
BRDA:98,3,1,0
BRDA:99,4,0,0
BRDA:114,5,0,0
BRDA:116,6,0,0
BRDA:131,7,0,0
BRDA:137,8,0,0
BRDA:143,9,0,0
BRDA:162,10,0,0
BRDA:170,11,0,0
BRDA:170,12,0,0
BRDA:170,12,1,0
BRDA:175,13,0,0
BRDA:178,14,0,0
BRDA:184,15,0,0
BRDA:184,16,0,0
BRDA:184,16,1,0
BRDA:190,17,0,0
BRDA:190,18,0,0
BRDA:190,18,1,0
BRDA:190,18,2,0
BRDA:196,19,0,0
BRDA:202,20,0,0
BRDA:230,21,0,0
BRDA:234,22,0,0
BRDA:234,22,1,0
BRDA:235,23,0,0
BRDA:242,24,0,0
BRDA:245,25,0,0
BRDA:248,26,0,0
BRDA:250,27,0,0
BRDA:250,27,1,0
BRDA:251,28,0,0
BRDA:254,29,0,0
BRDA:259,30,0,0
BRDA:265,31,0,0
BRDA:290,32,0,0
BRDA:290,32,1,0
BRDA:292,33,0,0
BRDA:295,34,0,0
BRDA:298,35,0,0
BRDA:298,35,1,0
BRDA:299,36,0,0
BRDA:299,37,0,0
BRDA:299,37,1,0
BRDA:314,38,0,0
BRDA:336,39,0,0
BRDA:336,40,0,0
BRDA:336,40,1,0
BRDA:341,41,0,0
BRDA:341,42,0,0
BRDA:341,42,1,0
BRDA:346,43,0,0
BRDA:346,44,0,0
BRDA:346,44,1,0
BRDA:346,44,2,0
BRDA:351,45,0,0
BRDA:351,46,0,0
BRDA:351,46,1,0
BRDA:369,47,0,0
BRDA:375,48,0,0
BRDA:375,49,0,0
BRDA:375,49,1,0
BRDA:394,50,0,0
BRDA:394,50,1,0
BRDA:457,51,0,0
BRDA:457,51,1,0
BRDA:459,52,0,0
BRDA:466,53,0,0
BRF:74
BRH:0
end_of_record
TN:
SF:src/services/scaffold.service.ts
FN:88,formatUserType
FN:91,(anonymous_7)
FN:98,formatEpic
FN:101,(anonymous_9)
FN:108,generateReadme
FN:172,generateTodo
FN:176,(anonymous_12)
FN:180,(anonymous_13)
FN:286,scaffoldUserType
FN:336,scaffoldEpic
FN:362,scaffoldAll
FN:382,listEpicsAndUsers
FN:383,(anonymous_18)
FN:393,getTotalUserCount
FN:394,(anonymous_20)
FNF:15
FNH:15
FNDA:3249,formatUserType
FNDA:4769,(anonymous_7)
FNDA:342,formatEpic
FNDA:648,(anonymous_9)
FNDA:171,generateReadme
FNDA:171,generateTodo
FNDA:1881,(anonymous_12)
FNDA:1026,(anonymous_13)
FNDA:168,scaffoldUserType
FNDA:18,scaffoldEpic
FNDA:3,scaffoldAll
FNDA:6,listEpicsAndUsers
FNDA:30,(anonymous_18)
FNDA:1,getTotalUserCount
FNDA:5,(anonymous_20)
DA:8,1
DA:9,1
DA:23,1
DA:71,1
DA:80,1
DA:89,3249
DA:91,4769
DA:99,342
DA:101,648
DA:108,1
DA:109,171
DA:110,171
DA:112,171
DA:172,1
DA:173,171
DA:174,171
DA:176,171
DA:177,1881
DA:180,171
DA:181,1026
DA:184,171
DA:286,1
DA:291,168
DA:297,168
DA:298,168
DA:299,1
DA:300,1
DA:303,167
DA:306,167
DA:307,166
DA:311,167
DA:312,167
DA:313,166
DA:314,166
DA:315,166
DA:317,1
DA:321,167
DA:322,167
DA:323,166
DA:324,166
DA:325,166
DA:327,1
DA:330,167
DA:336,1
DA:337,18
DA:343,18
DA:344,18
DA:345,1
DA:346,1
DA:349,17
DA:350,162
DA:351,162
DA:352,162
DA:353,162
DA:356,17
DA:362,1
DA:363,3
DA:369,3
DA:370,15
DA:371,15
DA:372,15
DA:373,15
DA:376,3
DA:382,1
DA:383,30
DA:393,1
DA:394,5
LF:67
LH:67
BRDA:298,0,0,1
BRDA:306,1,0,166
BRDA:312,2,0,166
BRDA:312,2,1,1
BRDA:322,3,0,166
BRDA:322,3,1,1
BRDA:344,4,0,1
BRF:7
BRH:7
end_of_record
TN:
SF:src/services/standards.service.ts
FN:66,generateDid
FN:84,inferActivityPubType
FN:91,getGitTimestamps
FN:142,generateOpenGraphMetadata
FN:206,generateLinkedData
FN:265,generateStandardsFields
FN:309,enrichWithStandards
FN:333,validateStandardsFields
FN:375,(anonymous_14)
FN:405,generateCoverageReport
FN:445,(anonymous_16)
FNF:11
FNH:11
FNDA:14,generateDid
FNDA:28,inferActivityPubType
FNDA:2,getGitTimestamps
FNDA:18,generateOpenGraphMetadata
FNDA:17,generateLinkedData
FNDA:5,generateStandardsFields
FNDA:2,enrichWithStandards
FNDA:12,validateStandardsFields
FNDA:27,(anonymous_14)
FNDA:5,generateCoverageReport
FNDA:12,(anonymous_16)
DA:12,1
DA:13,1
DA:19,1
DA:43,1
DA:66,1
DA:68,14
DA:76,14
DA:78,14
DA:84,1
DA:85,28
DA:91,1
DA:92,2
DA:94,2
DA:96,2
DA:102,0
DA:107,0
DA:113,2
DA:114,2
DA:115,1
DA:116,1
DA:118,1
DA:142,1
DA:150,18
DA:152,18
DA:161,18
DA:162,16
DA:163,16
DA:164,16
DA:165,2
DA:170,18
DA:171,18
DA:173,18
DA:206,1
DA:215,17
DA:217,17
DA:234,17
DA:235,1
DA:242,17
DA:243,2
DA:249,17
DA:265,1
DA:269,5
DA:270,5
DA:271,5
DA:274,5
DA:275,5
DA:276,0
DA:279,5
DA:288,5
DA:298,5
DA:309,1
DA:313,2
DA:315,2
DA:333,1
DA:336,12
DA:339,12
DA:340,12
DA:341,11
DA:342,2
DA:344,9
DA:347,1
DA:351,12
DA:352,10
DA:354,2
DA:358,12
DA:359,12
DA:360,9
DA:361,1
DA:362,8
DA:363,1
DA:365,7
DA:368,3
DA:372,12
DA:373,12
DA:374,9
DA:375,27
DA:376,9
DA:377,1
DA:383,8
DA:386,3
DA:389,12
DA:405,1
DA:408,5
DA:409,5
DA:415,5
DA:417,5
DA:418,5
DA:419,5
DA:420,20
DA:421,12
DA:422,8
DA:423,8
DA:424,8
DA:430,5
DA:431,20
DA:437,5
DA:444,5
DA:445,12
DA:448,5
LF:99
LH:96
BRDA:66,0,0,8
BRDA:85,1,0,28
BRDA:85,1,1,1
BRDA:108,2,0,0
BRDA:108,2,1,0
BRDA:109,3,0,0
BRDA:109,3,1,0
BRDA:147,4,0,10
BRDA:148,5,0,11
BRDA:154,6,0,18
BRDA:154,6,1,1
BRDA:155,7,0,16
BRDA:155,7,1,2
BRDA:161,8,0,16
BRDA:164,9,0,2
BRDA:213,10,0,10
BRDA:215,11,0,17
BRDA:215,11,1,1
BRDA:223,12,0,17
BRDA:223,12,1,1
BRDA:234,13,0,1
BRDA:242,14,0,2
BRDA:269,15,0,5
BRDA:269,15,1,4
BRDA:269,15,2,3
BRDA:274,16,0,5
BRDA:274,16,1,3
BRDA:274,17,0,5
BRDA:274,17,1,3
BRDA:275,18,0,0
BRDA:275,19,0,5
BRDA:275,19,1,1
BRDA:281,20,0,5
BRDA:281,20,1,0
BRDA:284,21,0,5
BRDA:284,21,1,0
BRDA:293,22,0,5
BRDA:293,22,1,0
BRDA:295,23,0,5
BRDA:295,23,1,0
BRDA:340,24,0,11
BRDA:340,24,1,1
BRDA:341,25,0,2
BRDA:341,25,1,9
BRDA:351,26,0,10
BRDA:351,26,1,2
BRDA:359,27,0,9
BRDA:359,27,1,3
BRDA:360,28,0,1
BRDA:360,28,1,8
BRDA:362,29,0,1
BRDA:362,29,1,7
BRDA:373,30,0,9
BRDA:373,30,1,3
BRDA:376,31,0,1
BRDA:376,31,1,8
BRDA:420,32,0,12
BRDA:420,32,1,8
BRDA:422,33,0,8
BRDA:423,34,0,8
BRDA:423,34,1,0
BRDA:431,35,0,16
BRDA:431,35,1,4
BRF:63
BRH:53
end_of_record
TN:
SF:src/services/trust.service.ts
FN:87,loadAttestations
FN:116,calculateTrustScore
FN:137,getEffectiveReach
FN:161,generateTrustFields
FN:167,(anonymous_10)
FN:168,(anonymous_11)
FN:195,enrichWithTrust
FN:221,enrichContentDirectory
FN:238,(anonymous_14)
FN:270,updateContentIndexWithTrust
FNF:10
FNH:10
FNDA:7,loadAttestations
FNDA:17,calculateTrustScore
FNDA:15,getEffectiveReach
FNDA:9,generateTrustFields
FNDA:8,(anonymous_10)
FNDA:6,(anonymous_11)
FNDA:5,enrichWithTrust
FNDA:3,enrichContentDirectory
FNDA:5,(anonymous_14)
FNDA:3,updateContentIndexWithTrust
DA:8,1
DA:9,1
DA:19,1
DA:31,1
DA:47,1
DA:48,1
DA:49,1
DA:87,1
DA:88,7
DA:90,7
DA:91,1
DA:92,1
DA:95,6
DA:96,6
DA:98,5
DA:99,6
DA:100,6
DA:101,5
DA:102,5
DA:103,5
DA:107,1
DA:110,6
DA:116,1
DA:117,17
DA:118,6
DA:121,11
DA:123,11
DA:124,18
DA:125,14
DA:126,14
DA:131,11
DA:137,1
DA:138,15
DA:139,6
DA:142,9
DA:143,9
DA:145,9
DA:146,15
DA:147,9
DA:148,9
DA:149,7
DA:150,7
DA:155,9
DA:161,1
DA:166,9
DA:167,8
DA:168,6
DA:170,9
DA:195,1
DA:199,5
DA:200,5
DA:202,5
DA:221,1
DA:225,3
DA:233,3
DA:234,3
DA:237,3
DA:238,5
DA:240,3
DA:241,4
DA:243,4
DA:244,4
DA:245,3
DA:247,3
DA:249,3
DA:250,1
DA:253,3
DA:254,3
DA:256,3
DA:257,3
DA:260,1
DA:264,3
DA:270,1
DA:274,3
DA:275,1
DA:276,1
DA:279,2
DA:280,2
DA:285,1
DA:286,2
DA:287,2
DA:288,2
DA:289,2
DA:292,1
DA:294,1
DA:295,1
DA:297,1
LF:87
LH:87
BRDA:90,0,0,1
BRDA:98,1,0,5
BRDA:98,1,1,0
BRDA:100,2,0,5
BRDA:101,3,0,5
BRDA:101,3,1,4
BRDA:117,4,0,6
BRDA:117,5,0,17
BRDA:117,5,1,17
BRDA:124,6,0,14
BRDA:125,7,0,14
BRDA:125,7,1,1
BRDA:138,8,0,6
BRDA:138,9,0,15
BRDA:138,9,1,15
BRDA:146,10,0,9
BRDA:146,11,0,15
BRDA:146,11,1,12
BRDA:147,12,0,9
BRDA:147,12,1,0
BRDA:148,13,0,7
BRDA:171,14,0,9
BRDA:171,14,1,7
BRDA:199,15,0,5
BRDA:199,15,1,3
BRDA:238,16,0,5
BRDA:238,16,1,5
BRDA:249,17,0,1
BRDA:249,18,0,3
BRDA:249,18,1,3
BRDA:256,19,0,1
BRDA:256,19,1,2
BRDA:274,20,0,1
BRDA:285,21,0,1
BRDA:285,21,1,0
BRDA:286,22,0,2
BRDA:286,22,1,1
BRF:37
BRH:34
end_of_record
TN:
SF:src/transformers/archetype-transformer.ts
FN:24,transformArchetype
FN:94,generateArchetypeId
FN:114,extractArchetypeTitle
FN:141,formatUserType
FN:148,isArchetypeContent
FNF:5
FNH:0
FNDA:0,transformArchetype
FNDA:0,generateArchetypeId
FNDA:0,extractArchetypeTitle
FNDA:0,formatUserType
FNDA:0,isArchetypeContent
DA:13,3
DA:19,3
DA:24,3
DA:28,0
DA:31,0
DA:34,0
DA:35,0
DA:38,0
DA:41,0
DA:49,0
DA:52,0
DA:53,0
DA:55,0
DA:56,0
DA:60,0
DA:63,0
DA:66,0
DA:67,0
DA:71,0
DA:72,0
DA:73,0
DA:76,0
DA:95,0
DA:98,0
DA:99,0
DA:103,0
DA:104,0
DA:108,0
DA:116,0
DA:117,0
DA:121,0
DA:122,0
DA:126,0
DA:127,0
DA:131,0
DA:132,0
DA:135,0
DA:142,0
DA:148,3
DA:149,0
LF:40
LH:4
BRDA:52,0,0,0
BRDA:55,1,0,0
BRDA:66,2,0,0
BRDA:72,3,0,0
BRDA:98,4,0,0
BRDA:98,5,0,0
BRDA:98,5,1,0
BRDA:103,6,0,0
BRDA:116,7,0,0
BRDA:116,8,0,0
BRDA:116,8,1,0
BRDA:121,9,0,0
BRDA:121,10,0,0
BRDA:121,10,1,0
BRDA:126,11,0,0
BRDA:126,12,0,0
BRDA:126,12,1,0
BRDA:131,13,0,0
BRF:18
BRH:0
end_of_record
TN:
SF:src/transformers/epic-transformer.ts
FN:24,transformEpic
FN:91,generateEpicId
FN:108,extractEpicTitle
FN:135,formatEpicName
FN:142,isEpicContent
FNF:5
FNH:0
FNDA:0,transformEpic
FNDA:0,generateEpicId
FNDA:0,extractEpicTitle
FNDA:0,formatEpicName
FNDA:0,isEpicContent
DA:13,3
DA:19,3
DA:24,3
DA:28,0
DA:31,0
DA:34,0
DA:35,0
DA:38,0
DA:41,0
DA:49,0
DA:52,0
DA:53,0
DA:55,0
DA:56,0
DA:58,0
DA:59,0
DA:63,0
DA:66,0
DA:69,0
DA:70,0
DA:73,0
DA:92,0
DA:95,0
DA:96,0
DA:97,0
DA:98,0
DA:102,0
DA:110,0
DA:111,0
DA:115,0
DA:116,0
DA:120,0
DA:121,0
DA:125,0
DA:126,0
DA:129,0
DA:136,0
DA:142,3
DA:143,0
LF:39
LH:4
BRDA:52,0,0,0
BRDA:55,1,0,0
BRDA:58,2,0,0
BRDA:69,3,0,0
BRDA:95,4,0,0
BRDA:95,4,1,0
BRDA:95,5,0,0
BRDA:95,5,1,0
BRDA:97,6,0,0
BRDA:97,7,0,0
BRDA:97,7,1,0
BRDA:110,8,0,0
BRDA:110,9,0,0
BRDA:110,9,1,0
BRDA:115,10,0,0
BRDA:115,11,0,0
BRDA:115,11,1,0
BRDA:120,12,0,0
BRDA:120,13,0,0
BRDA:120,13,1,0
BRDA:125,14,0,0
BRDA:125,15,0,0
BRDA:125,15,1,0
BRF:23
BRH:0
end_of_record
TN:
SF:src/transformers/resource-transformer.ts
FN:42,transformResource
FN:155,generateResourceId
FN:178,extractResourceTitle
FN:201,formatBaseName
FN:208,isResourceContent
FN:215,getResourceType
FNF:6
FNH:0
FNDA:0,transformResource
FNDA:0,generateResourceId
FNDA:0,extractResourceTitle
FNDA:0,formatBaseName
FNDA:0,isResourceContent
FNDA:0,getResourceType
DA:13,3
DA:17,3
DA:22,3
DA:42,3
DA:46,0
DA:49,0
DA:52,0
DA:53,0
DA:56,0
DA:57,0
DA:60,0
DA:63,0
DA:66,0
DA:75,0
DA:78,0
DA:79,0
DA:81,0
DA:82,0
DA:84,0
DA:85,0
DA:87,0
DA:88,0
DA:90,0
DA:91,0
DA:93,0
DA:94,0
DA:96,0
DA:97,0
DA:99,0
DA:100,0
DA:102,0
DA:103,0
DA:105,0
DA:106,0
DA:110,0
DA:113,0
DA:114,0
DA:118,0
DA:119,0
DA:123,0
DA:124,0
DA:125,0
DA:129,0
DA:130,0
DA:131,0
DA:132,0
DA:137,0
DA:156,0
DA:159,0
DA:160,0
DA:163,0
DA:164,0
DA:168,0
DA:169,0
DA:172,0
DA:180,0
DA:181,0
DA:185,0
DA:186,0
DA:190,0
DA:191,0
DA:195,0
DA:202,0
DA:208,3
DA:209,0
DA:215,3
DA:216,0
LF:67
LH:6
BRDA:56,0,0,0
BRDA:56,0,1,0
BRDA:63,1,0,0
BRDA:63,1,1,0
BRDA:78,2,0,0
BRDA:81,3,0,0
BRDA:84,4,0,0
BRDA:87,5,0,0
BRDA:90,6,0,0
BRDA:93,7,0,0
BRDA:96,8,0,0
BRDA:99,9,0,0
BRDA:102,10,0,0
BRDA:105,11,0,0
BRDA:113,12,0,0
BRDA:118,13,0,0
BRDA:118,14,0,0
BRDA:118,14,1,0
BRDA:123,15,0,0
BRDA:129,16,0,0
BRDA:131,17,0,0
BRDA:159,18,0,0
BRDA:159,18,1,0
BRDA:163,19,0,0
BRDA:163,20,0,0
BRDA:163,20,1,0
BRDA:180,21,0,0
BRDA:180,22,0,0
BRDA:180,22,1,0
BRDA:185,23,0,0
BRDA:185,24,0,0
BRDA:185,24,1,0
BRDA:190,25,0,0
BRDA:190,26,0,0
BRDA:190,26,1,0
BRDA:216,27,0,0
BRDA:216,27,1,0
BRF:37
BRH:0
end_of_record
TN:
SF:src/transformers/scenario-transformer.ts
FN:20,transformScenarios
FN:51,createFeatureNode
FN:117,createScenarioNode
FN:174,generateFeatureId
FN:195,generateScenarioId
FN:216,(anonymous_5)
FN:225,formatSteps
FN:227,(anonymous_7)
FN:234,generateScenarioDescription
FN:235,(anonymous_9)
FN:247,isScenarioContent
FN:254,transformFeatureFile
FNF:12
FNH:0
FNDA:0,transformScenarios
FNDA:0,createFeatureNode
FNDA:0,createScenarioNode
FNDA:0,generateFeatureId
FNDA:0,generateScenarioId
FNDA:0,(anonymous_5)
FNDA:0,formatSteps
FNDA:0,(anonymous_7)
FNDA:0,generateScenarioDescription
FNDA:0,(anonymous_9)
FNDA:0,isScenarioContent
FNDA:0,transformFeatureFile
DA:13,3
DA:14,3
DA:20,3
DA:24,0
DA:25,0
DA:28,0
DA:29,0
DA:32,0
DA:33,0
DA:34,0
DA:41,0
DA:45,0
DA:56,0
DA:57,0
DA:58,0
DA:60,0
DA:62,0
DA:70,0
DA:73,0
DA:74,0
DA:76,0
DA:77,0
DA:80,0
DA:83,0
DA:84,0
DA:88,0
DA:89,0
DA:90,0
DA:94,0
DA:95,0
DA:96,0
DA:99,0
DA:124,0
DA:127,0
DA:128,0
DA:129,0
DA:130,0
DA:131,0
DA:136,0
DA:138,0
DA:148,0
DA:150,0
DA:152,0
DA:153,0
DA:156,0
DA:175,0
DA:177,0
DA:178,0
DA:181,0
DA:182,0
DA:186,0
DA:187,0
DA:189,0
DA:196,0
DA:198,0
DA:199,0
DA:202,0
DA:203,0
DA:207,0
DA:213,0
DA:215,0
DA:216,0
DA:226,0
DA:227,0
DA:235,0
DA:237,0
DA:238,0
DA:241,0
DA:247,3
DA:248,0
DA:254,3
DA:258,0
LF:72
LH:5
BRDA:32,0,0,0
BRDA:32,1,0,0
BRDA:32,1,1,0
BRDA:66,2,0,0
BRDA:66,2,1,0
BRDA:73,3,0,0
BRDA:76,4,0,0
BRDA:83,5,0,0
BRDA:89,6,0,0
BRDA:89,7,0,0
BRDA:89,7,1,0
BRDA:94,8,0,0
BRDA:130,9,0,0
BRDA:152,10,0,0
BRDA:177,11,0,0
BRDA:177,12,0,0
BRDA:177,12,1,0
BRDA:181,13,0,0
BRDA:198,14,0,0
BRDA:198,15,0,0
BRDA:198,15,1,0
BRDA:202,16,0,0
BRDA:237,17,0,0
BRDA:241,18,0,0
BRDA:241,18,1,0
BRF:25
BRH:0
end_of_record
TN:
SF:src/transformers/source-transformer.ts
FN:28,transformToSourceNode
FN:96,generateSourceId
FN:126,determineSourceType
FN:149,shouldCreateSourceNode
FNF:4
FNH:1
FNDA:0,transformToSourceNode
FNDA:0,generateSourceId
FNDA:0,determineSourceType
FNDA:11,shouldCreateSourceNode
DA:16,3
DA:22,3
DA:23,3
DA:28,3
DA:29,0
DA:30,0
DA:33,0
DA:36,0
DA:41,0
DA:44,0
DA:49,0
DA:52,0
DA:62,0
DA:63,0
DA:65,0
DA:66,0
DA:70,0
DA:71,0
DA:72,0
DA:76,0
DA:78,0
DA:97,0
DA:100,0
DA:101,0
DA:102,0
DA:106,0
DA:107,0
DA:111,0
DA:112,0
DA:113,0
DA:116,0
DA:120,0
DA:127,0
DA:128,0
DA:131,0
DA:132,0
DA:135,0
DA:136,0
DA:139,0
DA:140,0
DA:143,0
DA:149,3
DA:151,11
LF:43
LH:6
BRDA:36,0,0,0
BRDA:36,0,1,0
BRDA:44,1,0,0
BRDA:44,1,1,0
BRDA:62,2,0,0
BRDA:65,3,0,0
BRDA:71,4,0,0
BRDA:84,5,0,0
BRDA:84,5,1,0
BRDA:101,6,0,0
BRDA:101,7,0,0
BRDA:101,7,1,0
BRDA:106,8,0,0
BRDA:112,9,0,0
BRDA:112,9,1,0
BRDA:127,10,0,0
BRDA:131,11,0,0
BRDA:135,12,0,0
BRDA:139,13,0,0
BRDA:140,14,0,0
BRDA:140,14,1,0
BRDA:151,15,0,11
BRDA:151,15,1,0
BRDA:151,15,2,0
BRF:24
BRH:1
end_of_record
TN:
SF:src/utils/content-node-builder.ts
FN:12,buildContentNode
FNF:1
FNH:0
FNDA:0,buildContentNode
DA:12,3
DA:27,0
DA:28,0
LF:3
LH:1
BRDA:27,0,0,0
BRDA:27,0,1,0
BRDA:39,1,0,0
BRDA:39,1,1,0
BRDA:41,2,0,0
BRDA:41,2,1,0
BRF:6
BRH:0
end_of_record
TN:
SF:src/utils/id-generator.ts
FN:13,normalizeId
FN:15,(anonymous_1)
FNF:2
FNH:2
FNDA:10,normalizeId
FNDA:22,(anonymous_1)
DA:13,4
DA:14,10
DA:15,22
LF:3
LH:3
BRF:0
BRH:0
end_of_record
TN:
SF:src/utils/metadata-builder.ts
FN:12,buildBaseMetadata
FN:25,addProvenanceMetadata
FN:41,addGovernanceScopeMetadata
FNF:3
FNH:3
FNDA:2,buildBaseMetadata
FNDA:4,addProvenanceMetadata
FNDA:4,addGovernanceScopeMetadata
DA:5,4
DA:12,4
DA:13,2
DA:25,4
DA:30,4
DA:31,2
DA:32,2
DA:41,4
DA:45,4
DA:46,4
DA:47,2
LF:11
LH:11
BRDA:12,0,0,1
BRDA:28,1,0,3
BRDA:30,2,0,2
BRDA:46,3,0,2
BRF:4
BRH:4
end_of_record
TN:
SF:src/utils/text-formatters.ts
FN:14,titleCase
FN:17,(anonymous_1)
FN:30,titleCaseWithSuffix
FN:41,formatWithDelimiters
FN:45,(anonymous_4)
FNF:5
FNH:5
FNDA:12,titleCase
FNDA:22,(anonymous_1)
FNDA:5,titleCaseWithSuffix
FNDA:10,formatWithDelimiters
FNDA:28,(anonymous_4)
DA:14,4
DA:15,12
DA:17,22
DA:30,4
DA:31,5
DA:41,4
DA:42,10
DA:45,28
LF:8
LH:8
BRDA:14,0,0,6
BRDA:30,1,0,4
BRF:2
BRH:2
end_of_record
